<?xml version="1.0" encoding="UTF-8"?>
<testsuite xmlns:xsi="http://www.w3.org/2001/XMLSchema-instance" xsi:noNamespaceSchemaLocation="https://maven.apache.org/surefire/maven-surefire-plugin/xsd/surefire-test-report-3.0.xsd" version="3.0" name="TestSuite" time="1.267" tests="0" errors="0" skipped="0" failures="0">
  <properties>
    <property name="sun.desktop" value="windows"/>
    <property name="awt.toolkit" value="sun.awt.windows.WToolkit"/>
    <property name="java.specification.version" value="11"/>
    <property name="sun.cpu.isalist" value="amd64"/>
    <property name="sun.jnu.encoding" value="Cp1252"/>
    <property name="java.class.path" value="C:\MyEclipse\My Automation\target\test-classes;C:\MyEclipse\My Automation\target\classes;C:\Users\Vijay\.m2\repository\org\json\json\20230618\json-20230618.jar;C:\Users\Vijay\.m2\repository\org\testng\testng\7.8.0\testng-7.8.0.jar;C:\Users\Vijay\.m2\repository\org\slf4j\slf4j-api\1.7.36\slf4j-api-1.7.36.jar;C:\Users\Vijay\.m2\repository\com\beust\jcommander\1.82\jcommander-1.82.jar;C:\Users\Vijay\.m2\repository\org\webjars\jquery\3.6.1\jquery-3.6.1.jar;C:\Users\Vijay\.m2\repository\io\github\sukgu\automation\0.1.4.1\automation-0.1.4.1.jar;C:\Users\Vijay\.m2\repository\io\github\bonigarcia\webdrivermanager\3.8.1\webdrivermanager-3.8.1.jar;C:\Users\Vijay\.m2\repository\org\rauschig\jarchivelib\1.0.0\jarchivelib-1.0.0.jar;C:\Users\Vijay\.m2\repository\org\projectlombok\lombok\1.18.28\lombok-1.18.28.jar;C:\Users\Vijay\.m2\repository\com\github\javafaker\javafaker\1.0.2\javafaker-1.0.2.jar;C:\Users\Vijay\.m2\repository\org\apache\commons\commons-lang3\3.5\commons-lang3-3.5.jar;C:\Users\Vijay\.m2\repository\org\yaml\snakeyaml\1.23\snakeyaml-1.23-android.jar;C:\Users\Vijay\.m2\repository\com\github\mifmif\generex\1.0.2\generex-1.0.2.jar;C:\Users\Vijay\.m2\repository\dk\brics\automaton\automaton\1.11-8\automaton-1.11-8.jar;C:\Users\Vijay\.m2\repository\org\seleniumhq\selenium\selenium-java\4.11.0\selenium-java-4.11.0.jar;C:\Users\Vijay\.m2\repository\org\seleniumhq\selenium\selenium-api\4.11.0\selenium-api-4.11.0.jar;C:\Users\Vijay\.m2\repository\org\seleniumhq\selenium\selenium-devtools-v113\4.11.0\selenium-devtools-v113-4.11.0.jar;C:\Users\Vijay\.m2\repository\org\seleniumhq\selenium\selenium-devtools-v114\4.11.0\selenium-devtools-v114-4.11.0.jar;C:\Users\Vijay\.m2\repository\org\seleniumhq\selenium\selenium-devtools-v115\4.11.0\selenium-devtools-v115-4.11.0.jar;C:\Users\Vijay\.m2\repository\org\seleniumhq\selenium\selenium-devtools-v85\4.11.0\selenium-devtools-v85-4.11.0.jar;C:\Users\Vijay\.m2\repository\org\seleniumhq\selenium\selenium-edge-driver\4.11.0\selenium-edge-driver-4.11.0.jar;C:\Users\Vijay\.m2\repository\org\seleniumhq\selenium\selenium-ie-driver\4.11.0\selenium-ie-driver-4.11.0.jar;C:\Users\Vijay\.m2\repository\org\seleniumhq\selenium\selenium-remote-driver\4.11.0\selenium-remote-driver-4.11.0.jar;C:\Users\Vijay\.m2\repository\io\netty\netty-buffer\4.1.92.Final\netty-buffer-4.1.92.Final.jar;C:\Users\Vijay\.m2\repository\io\netty\netty-codec-http\4.1.92.Final\netty-codec-http-4.1.92.Final.jar;C:\Users\Vijay\.m2\repository\io\netty\netty-codec\4.1.92.Final\netty-codec-4.1.92.Final.jar;C:\Users\Vijay\.m2\repository\io\netty\netty-handler\4.1.92.Final\netty-handler-4.1.92.Final.jar;C:\Users\Vijay\.m2\repository\io\netty\netty-common\4.1.92.Final\netty-common-4.1.92.Final.jar;C:\Users\Vijay\.m2\repository\io\netty\netty-transport-classes-epoll\4.1.92.Final\netty-transport-classes-epoll-4.1.92.Final.jar;C:\Users\Vijay\.m2\repository\io\netty\netty-transport-classes-kqueue\4.1.92.Final\netty-transport-classes-kqueue-4.1.92.Final.jar;C:\Users\Vijay\.m2\repository\io\netty\netty-transport-native-epoll\4.1.92.Final\netty-transport-native-epoll-4.1.92.Final.jar;C:\Users\Vijay\.m2\repository\io\netty\netty-transport-native-kqueue\4.1.92.Final\netty-transport-native-kqueue-4.1.92.Final.jar;C:\Users\Vijay\.m2\repository\io\netty\netty-transport-native-unix-common\4.1.92.Final\netty-transport-native-unix-common-4.1.92.Final.jar;C:\Users\Vijay\.m2\repository\io\netty\netty-transport\4.1.92.Final\netty-transport-4.1.92.Final.jar;C:\Users\Vijay\.m2\repository\io\netty\netty-resolver\4.1.92.Final\netty-resolver-4.1.92.Final.jar;C:\Users\Vijay\.m2\repository\io\opentelemetry\opentelemetry-api\1.26.0\opentelemetry-api-1.26.0.jar;C:\Users\Vijay\.m2\repository\io\opentelemetry\opentelemetry-context\1.26.0\opentelemetry-context-1.26.0.jar;C:\Users\Vijay\.m2\repository\io\opentelemetry\opentelemetry-exporter-logging\1.26.0\opentelemetry-exporter-logging-1.26.0.jar;C:\Users\Vijay\.m2\repository\io\opentelemetry\opentelemetry-sdk-metrics\1.26.0\opentelemetry-sdk-metrics-1.26.0.jar;C:\Users\Vijay\.m2\repository\io\opentelemetry\opentelemetry-extension-incubator\1.26.0-alpha\opentelemetry-extension-incubator-1.26.0-alpha.jar;C:\Users\Vijay\.m2\repository\io\opentelemetry\opentelemetry-sdk-logs\1.26.0-alpha\opentelemetry-sdk-logs-1.26.0-alpha.jar;C:\Users\Vijay\.m2\repository\io\opentelemetry\opentelemetry-api-logs\1.26.0-alpha\opentelemetry-api-logs-1.26.0-alpha.jar;C:\Users\Vijay\.m2\repository\io\opentelemetry\opentelemetry-api-events\1.26.0-alpha\opentelemetry-api-events-1.26.0-alpha.jar;C:\Users\Vijay\.m2\repository\io\opentelemetry\opentelemetry-sdk-common\1.26.0\opentelemetry-sdk-common-1.26.0.jar;C:\Users\Vijay\.m2\repository\io\opentelemetry\opentelemetry-sdk-extension-autoconfigure-spi\1.26.0\opentelemetry-sdk-extension-autoconfigure-spi-1.26.0.jar;C:\Users\Vijay\.m2\repository\io\opentelemetry\opentelemetry-sdk-extension-autoconfigure\1.26.0-alpha\opentelemetry-sdk-extension-autoconfigure-1.26.0-alpha.jar;C:\Users\Vijay\.m2\repository\io\opentelemetry\opentelemetry-sdk-trace\1.26.0\opentelemetry-sdk-trace-1.26.0.jar;C:\Users\Vijay\.m2\repository\io\opentelemetry\opentelemetry-sdk\1.26.0\opentelemetry-sdk-1.26.0.jar;C:\Users\Vijay\.m2\repository\io\opentelemetry\opentelemetry-semconv\1.26.0-alpha\opentelemetry-semconv-1.26.0-alpha.jar;C:\Users\Vijay\.m2\repository\net\bytebuddy\byte-buddy\1.14.4\byte-buddy-1.14.4.jar;C:\Users\Vijay\.m2\repository\org\apache\commons\commons-exec\1.3\commons-exec-1.3.jar;C:\Users\Vijay\.m2\repository\org\asynchttpclient\async-http-client\2.12.3\async-http-client-2.12.3.jar;C:\Users\Vijay\.m2\repository\org\asynchttpclient\async-http-client-netty-utils\2.12.3\async-http-client-netty-utils-2.12.3.jar;C:\Users\Vijay\.m2\repository\io\netty\netty-codec-socks\4.1.60.Final\netty-codec-socks-4.1.60.Final.jar;C:\Users\Vijay\.m2\repository\io\netty\netty-handler-proxy\4.1.60.Final\netty-handler-proxy-4.1.60.Final.jar;C:\Users\Vijay\.m2\repository\io\netty\netty-transport-native-epoll\4.1.60.Final\netty-transport-native-epoll-4.1.60.Final-linux-x86_64.jar;C:\Users\Vijay\.m2\repository\io\netty\netty-transport-native-kqueue\4.1.60.Final\netty-transport-native-kqueue-4.1.60.Final-osx-x86_64.jar;C:\Users\Vijay\.m2\repository\com\typesafe\netty\netty-reactive-streams\2.0.4\netty-reactive-streams-2.0.4.jar;C:\Users\Vijay\.m2\repository\com\sun\activation\jakarta.activation\1.2.2\jakarta.activation-1.2.2.jar;C:\Users\Vijay\.m2\repository\org\seleniumhq\selenium\selenium-safari-driver\4.11.0\selenium-safari-driver-4.11.0.jar;C:\Users\Vijay\.m2\repository\org\seleniumhq\selenium\selenium-support\4.11.0\selenium-support-4.11.0.jar;C:\Users\Vijay\.m2\repository\com\google\guava\guava-testlib\32.1.1-jre\guava-testlib-32.1.1-jre.jar;C:\Users\Vijay\.m2\repository\com\google\code\findbugs\jsr305\3.0.2\jsr305-3.0.2.jar;C:\Users\Vijay\.m2\repository\org\checkerframework\checker-qual\3.33.0\checker-qual-3.33.0.jar;C:\Users\Vijay\.m2\repository\com\google\errorprone\error_prone_annotations\2.18.0\error_prone_annotations-2.18.0.jar;C:\Users\Vijay\.m2\repository\com\google\j2objc\j2objc-annotations\2.8\j2objc-annotations-2.8.jar;C:\Users\Vijay\.m2\repository\com\google\guava\guava\32.1.1-jre\guava-32.1.1-jre.jar;C:\Users\Vijay\.m2\repository\com\google\guava\failureaccess\1.0.1\failureaccess-1.0.1.jar;C:\Users\Vijay\.m2\repository\com\google\guava\listenablefuture\9999.0-empty-to-avoid-conflict-with-guava\listenablefuture-9999.0-empty-to-avoid-conflict-with-guava.jar;C:\Users\Vijay\.m2\repository\junit\junit\4.13.2\junit-4.13.2.jar;C:\Users\Vijay\.m2\repository\org\hamcrest\hamcrest-core\1.3\hamcrest-core-1.3.jar;C:\Users\Vijay\.m2\repository\org\seleniumhq\selenium\selenium-chrome-driver\4.11.0\selenium-chrome-driver-4.11.0.jar;C:\Users\Vijay\.m2\repository\com\google\auto\service\auto-service-annotations\1.0.1\auto-service-annotations-1.0.1.jar;C:\Users\Vijay\.m2\repository\org\seleniumhq\selenium\selenium-chromium-driver\4.11.0\selenium-chromium-driver-4.11.0.jar;C:\Users\Vijay\.m2\repository\org\seleniumhq\selenium\selenium-json\4.11.0\selenium-json-4.11.0.jar;C:\Users\Vijay\.m2\repository\org\seleniumhq\selenium\selenium-manager\4.11.0\selenium-manager-4.11.0.jar;C:\Users\Vijay\.m2\repository\org\seleniumhq\selenium\selenium-firefox-driver\4.11.0\selenium-firefox-driver-4.11.0.jar;C:\Users\Vijay\.m2\repository\org\seleniumhq\selenium\selenium-http\4.11.0\selenium-http-4.11.0.jar;C:\Users\Vijay\.m2\repository\dev\failsafe\failsafe\3.3.1\failsafe-3.3.1.jar;C:\Users\Vijay\.m2\repository\io\appium\java-client\8.3.0\java-client-8.3.0.jar;C:\Users\Vijay\.m2\repository\com\google\code\gson\gson\2.10\gson-2.10.jar;C:\Users\Vijay\.m2\repository\cglib\cglib\3.3.0\cglib-3.3.0.jar;C:\Users\Vijay\.m2\repository\commons-validator\commons-validator\1.7\commons-validator-1.7.jar;C:\Users\Vijay\.m2\repository\commons-beanutils\commons-beanutils\1.9.4\commons-beanutils-1.9.4.jar;C:\Users\Vijay\.m2\repository\commons-digester\commons-digester\2.1\commons-digester-2.1.jar;C:\Users\Vijay\.m2\repository\commons-logging\commons-logging\1.2\commons-logging-1.2.jar;C:\Users\Vijay\.m2\repository\commons-collections\commons-collections\3.2.2\commons-collections-3.2.2.jar;C:\Users\Vijay\.m2\repository\commons-io\commons-io\2.11.0\commons-io-2.11.0.jar;C:\Users\Vijay\.m2\repository\com\aventstack\extentreports\5.0.9\extentreports-5.0.9.jar;C:\Users\Vijay\.m2\repository\io\reactivex\rxjava3\rxjava\3.0.4\rxjava-3.0.4.jar;C:\Users\Vijay\.m2\repository\org\reactivestreams\reactive-streams\1.0.3\reactive-streams-1.0.3.jar;C:\Users\Vijay\.m2\repository\org\freemarker\freemarker\2.3.30\freemarker-2.3.30.jar;C:\Users\Vijay\.m2\repository\org\apache\poi\poi\5.2.3\poi-5.2.3.jar;C:\Users\Vijay\.m2\repository\commons-codec\commons-codec\1.15\commons-codec-1.15.jar;C:\Users\Vijay\.m2\repository\org\apache\commons\commons-collections4\4.4\commons-collections4-4.4.jar;C:\Users\Vijay\.m2\repository\org\apache\commons\commons-math3\3.6.1\commons-math3-3.6.1.jar;C:\Users\Vijay\.m2\repository\com\zaxxer\SparseBitSet\1.2\SparseBitSet-1.2.jar;C:\Users\Vijay\.m2\repository\org\apache\poi\poi-ooxml\5.2.3\poi-ooxml-5.2.3.jar;C:\Users\Vijay\.m2\repository\org\apache\poi\poi-ooxml-lite\5.2.3\poi-ooxml-lite-5.2.3.jar;C:\Users\Vijay\.m2\repository\org\apache\xmlbeans\xmlbeans\5.1.1\xmlbeans-5.1.1.jar;C:\Users\Vijay\.m2\repository\org\apache\commons\commons-compress\1.21\commons-compress-1.21.jar;C:\Users\Vijay\.m2\repository\com\github\virtuald\curvesapi\1.07\curvesapi-1.07.jar;C:\Users\Vijay\.m2\repository\org\apache\logging\log4j\log4j-api\2.20.0\log4j-api-2.20.0.jar;C:\Users\Vijay\.m2\repository\org\apache\logging\log4j\log4j-core\2.20.0\log4j-core-2.20.0.jar;C:\Users\Vijay\.m2\repository\net\sourceforge\tess4j\tess4j\5.6.0\tess4j-5.6.0.jar;C:\Users\Vijay\.m2\repository\net\java\dev\jna\jna\5.13.0\jna-5.13.0.jar;C:\Users\Vijay\.m2\repository\com\github\jai-imageio\jai-imageio-core\1.4.0\jai-imageio-core-1.4.0.jar;C:\Users\Vijay\.m2\repository\org\apache\pdfbox\pdfbox\2.0.27\pdfbox-2.0.27.jar;C:\Users\Vijay\.m2\repository\org\apache\pdfbox\fontbox\2.0.27\fontbox-2.0.27.jar;C:\Users\Vijay\.m2\repository\org\apache\pdfbox\pdfbox-tools\2.0.27\pdfbox-tools-2.0.27.jar;C:\Users\Vijay\.m2\repository\org\apache\pdfbox\pdfbox-debugger\2.0.27\pdfbox-debugger-2.0.27.jar;C:\Users\Vijay\.m2\repository\org\apache\pdfbox\jbig2-imageio\3.0.4\jbig2-imageio-3.0.4.jar;C:\Users\Vijay\.m2\repository\net\sourceforge\lept4j\lept4j\1.18.0\lept4j-1.18.0.jar;C:\Users\Vijay\.m2\repository\org\jboss\jboss-vfs\3.2.17.Final\jboss-vfs-3.2.17.Final.jar;C:\Users\Vijay\.m2\repository\org\jboss\logging\jboss-logging\3.1.4.GA\jboss-logging-3.1.4.GA.jar;C:\Users\Vijay\.m2\repository\com\google\zxing\core\3.5.1\core-3.5.1.jar;C:\Users\Vijay\.m2\repository\org\jsoup\jsoup\1.15.4\jsoup-1.15.4.jar;C:\Users\Vijay\.m2\repository\com\maxmind\geoip2\geoip2\4.0.1\geoip2-4.0.1.jar;C:\Users\Vijay\.m2\repository\com\maxmind\db\maxmind-db\3.0.0\maxmind-db-3.0.0.jar;C:\Users\Vijay\.m2\repository\com\fasterxml\jackson\core\jackson-databind\2.14.2\jackson-databind-2.14.2.jar;C:\Users\Vijay\.m2\repository\com\fasterxml\jackson\core\jackson-core\2.14.2\jackson-core-2.14.2.jar;C:\Users\Vijay\.m2\repository\com\fasterxml\jackson\core\jackson-annotations\2.14.2\jackson-annotations-2.14.2.jar;C:\Users\Vijay\.m2\repository\com\sun\mail\javax.mail\1.6.2\javax.mail-1.6.2.jar;C:\Users\Vijay\.m2\repository\javax\activation\activation\1.1\activation-1.1.jar;C:\Users\Vijay\.m2\repository\com\sun\activation\javax.activation\1.2.0\javax.activation-1.2.0.jar;C:\Users\Vijay\.m2\repository\io\rest-assured\rest-assured\5.3.1\rest-assured-5.3.1.jar;C:\Users\Vijay\.m2\repository\org\apache\groovy\groovy\4.0.11\groovy-4.0.11.jar;C:\Users\Vijay\.m2\repository\org\apache\groovy\groovy-xml\4.0.11\groovy-xml-4.0.11.jar;C:\Users\Vijay\.m2\repository\org\apache\httpcomponents\httpclient\4.5.13\httpclient-4.5.13.jar;C:\Users\Vijay\.m2\repository\org\apache\httpcomponents\httpmime\4.5.13\httpmime-4.5.13.jar;C:\Users\Vijay\.m2\repository\org\hamcrest\hamcrest\2.2\hamcrest-2.2.jar;C:\Users\Vijay\.m2\repository\org\ccil\cowan\tagsoup\tagsoup\1.2.1\tagsoup-1.2.1.jar;C:\Users\Vijay\.m2\repository\io\rest-assured\json-path\5.3.1\json-path-5.3.1.jar;C:\Users\Vijay\.m2\repository\org\apache\groovy\groovy-json\4.0.11\groovy-json-4.0.11.jar;C:\Users\Vijay\.m2\repository\io\rest-assured\rest-assured-common\5.3.1\rest-assured-common-5.3.1.jar;C:\Users\Vijay\.m2\repository\io\rest-assured\xml-path\5.3.1\xml-path-5.3.1.jar;C:\Users\Vijay\.m2\repository\org\apache\cassandra\cassandra-all\4.0.8\cassandra-all-4.0.8.jar;C:\Users\Vijay\.m2\repository\org\xerial\snappy\snappy-java\1.1.2.6\snappy-java-1.1.2.6.jar;C:\Users\Vijay\.m2\repository\org\lz4\lz4-java\1.8.0\lz4-java-1.8.0.jar;C:\Users\Vijay\.m2\repository\commons-cli\commons-cli\1.1\commons-cli-1.1.jar;C:\Users\Vijay\.m2\repository\org\antlr\ST4\4.0.8\ST4-4.0.8.jar;C:\Users\Vijay\.m2\repository\org\antlr\antlr-runtime\3.5.2\antlr-runtime-3.5.2.jar;C:\Users\Vijay\.m2\repository\org\slf4j\log4j-over-slf4j\1.7.25\log4j-over-slf4j-1.7.25.jar;C:\Users\Vijay\.m2\repository\org\slf4j\jcl-over-slf4j\1.7.25\jcl-over-slf4j-1.7.25.jar;C:\Users\Vijay\.m2\repository\com\googlecode\json-simple\json-simple\1.1\json-simple-1.1.jar;C:\Users\Vijay\.m2\repository\com\boundary\high-scale-lib\1.0.6\high-scale-lib-1.0.6.jar;C:\Users\Vijay\.m2\repository\org\yaml\snakeyaml\1.26\snakeyaml-1.26.jar;C:\Users\Vijay\.m2\repository\org\mindrot\jbcrypt\0.4\jbcrypt-0.4.jar;C:\Users\Vijay\.m2\repository\io\airlift\airline\0.8\airline-0.8.jar;C:\Users\Vijay\.m2\repository\io\dropwizard\metrics\metrics-core\3.1.5\metrics-core-3.1.5.jar;C:\Users\Vijay\.m2\repository\io\dropwizard\metrics\metrics-jvm\3.1.5\metrics-jvm-3.1.5.jar;C:\Users\Vijay\.m2\repository\io\dropwizard\metrics\metrics-logback\3.1.5\metrics-logback-3.1.5.jar;C:\Users\Vijay\.m2\repository\com\addthis\metrics\reporter-config3\3.0.3\reporter-config3-3.0.3.jar;C:\Users\Vijay\.m2\repository\com\addthis\metrics\reporter-config-base\3.0.3\reporter-config-base-3.0.3.jar;C:\Users\Vijay\.m2\repository\com\clearspring\analytics\stream\2.5.2\stream-2.5.2.jar;C:\Users\Vijay\.m2\repository\ch\qos\logback\logback-core\1.2.9\logback-core-1.2.9.jar;C:\Users\Vijay\.m2\repository\ch\qos\logback\logback-classic\1.2.9\logback-classic-1.2.9.jar;C:\Users\Vijay\.m2\repository\com\github\jbellis\jamm\0.3.2\jamm-0.3.2.jar;C:\Users\Vijay\.m2\repository\io\netty\netty-all\4.1.58.Final\netty-all-4.1.58.Final.jar;C:\Users\Vijay\.m2\repository\net\openhft\chronicle-queue\5.20.123\chronicle-queue-5.20.123.jar;C:\Users\Vijay\.m2\repository\net\openhft\chronicle-core\2.20.126\chronicle-core-2.20.126.jar;C:\Users\Vijay\.m2\repository\net\openhft\chronicle-bytes\2.20.111\chronicle-bytes-2.20.111.jar;C:\Users\Vijay\.m2\repository\net\openhft\chronicle-wire\2.20.117\chronicle-wire-2.20.117.jar;C:\Users\Vijay\.m2\repository\net\openhft\chronicle-threads\2.20.111\chronicle-threads-2.20.111.jar;C:\Users\Vijay\.m2\repository\org\fusesource\sigar\1.6.4\sigar-1.6.4.jar;C:\Users\Vijay\.m2\repository\org\eclipse\jdt\core\compiler\ecj\4.6.1\ecj-4.6.1.jar;C:\Users\Vijay\.m2\repository\org\caffinitas\ohc\ohc-core\0.5.1\ohc-core-0.5.1.jar;C:\Users\Vijay\.m2\repository\org\caffinitas\ohc\ohc-core-j8\0.5.1\ohc-core-j8-0.5.1.jar;C:\Users\Vijay\.m2\repository\com\github\ben-manes\caffeine\caffeine\2.5.6\caffeine-2.5.6.jar;C:\Users\Vijay\.m2\repository\org\jctools\jctools-core\3.1.0\jctools-core-3.1.0.jar;C:\Users\Vijay\.m2\repository\org\ow2\asm\asm\7.1\asm-7.1.jar;C:\Users\Vijay\.m2\repository\com\carrotsearch\hppc\0.8.1\hppc-0.8.1.jar;C:\Users\Vijay\.m2\repository\org\gridkit\jvmtool\sjk-cli\0.14\sjk-cli-0.14.jar;C:\Users\Vijay\.m2\repository\org\gridkit\jvmtool\sjk-core\0.14\sjk-core-0.14.jar;C:\Users\Vijay\.m2\repository\org\gridkit\jvmtool\sjk-stacktrace\0.14\sjk-stacktrace-0.14.jar;C:\Users\Vijay\.m2\repository\org\gridkit\jvmtool\mxdump\0.14\mxdump-0.14.jar;C:\Users\Vijay\.m2\repository\org\gridkit\lab\jvm-attach-api\1.5\jvm-attach-api-1.5.jar;C:\Users\Vijay\.m2\repository\org\gridkit\jvmtool\sjk-json\0.14\sjk-json-0.14.jar;C:\Users\Vijay\.m2\repository\com\github\luben\zstd-jni\1.5.0-4\zstd-jni-1.5.0-4.jar;C:\Users\Vijay\.m2\repository\org\psjava\psjava\0.1.19\psjava-0.1.19.jar;C:\Users\Vijay\.m2\repository\io\netty\netty-tcnative-boringssl-static\2.0.36.Final\netty-tcnative-boringssl-static-2.0.36.Final.jar;C:\Users\Vijay\.m2\repository\javax\inject\javax.inject\1\javax.inject-1.jar;C:\Users\Vijay\.m2\repository\org\hdrhistogram\HdrHistogram\2.1.9\HdrHistogram-2.1.9.jar;C:\Users\Vijay\.m2\repository\de\jflex\jflex\1.8.2\jflex-1.8.2.jar;C:\Users\Vijay\.m2\repository\com\github\vbmacher\java-cup-runtime\11b-20160615\java-cup-runtime-11b-20160615.jar;C:\Users\Vijay\.m2\repository\com\github\rholder\snowball-stemmer\1.3.0.581.1\snowball-stemmer-1.3.0.581.1.jar;C:\Users\Vijay\.m2\repository\com\googlecode\concurrent-trees\concurrent-trees\2.4.0\concurrent-trees-2.4.0.jar;C:\Users\Vijay\.m2\repository\com\github\stephenc\monte\monte-screen-recorder\0.7.7.0\monte-screen-recorder-0.7.7.0.jar;C:\Users\Vijay\.m2\repository\com\squareup\okhttp3\okhttp\4.9.1\okhttp-4.9.1.jar;C:\Users\Vijay\.m2\repository\com\squareup\okio\okio\2.8.0\okio-2.8.0.jar;C:\Users\Vijay\.m2\repository\org\jetbrains\kotlin\kotlin-stdlib-common\1.4.0\kotlin-stdlib-common-1.4.0.jar;C:\Users\Vijay\.m2\repository\org\jetbrains\kotlin\kotlin-stdlib\1.4.10\kotlin-stdlib-1.4.10.jar;C:\Users\Vijay\.m2\repository\org\jetbrains\annotations\13.0\annotations-13.0.jar;C:\Users\Vijay\.m2\repository\com\testyantra\optimize\tyss-data-models\1.0-SNAPSHOT\tyss-data-models-1.0-SNAPSHOT.jar;C:\Users\Vijay\.m2\repository\software\amazon\awssdk\dynamodb\2.15.0\dynamodb-2.15.0.jar;C:\Users\Vijay\.m2\repository\software\amazon\awssdk\aws-json-protocol\2.15.0\aws-json-protocol-2.15.0.jar;C:\Users\Vijay\.m2\repository\software\amazon\awssdk\protocol-core\2.15.0\protocol-core-2.15.0.jar;C:\Users\Vijay\.m2\repository\software\amazon\awssdk\profiles\2.15.0\profiles-2.15.0.jar;C:\Users\Vijay\.m2\repository\software\amazon\awssdk\sdk-core\2.15.0\sdk-core-2.15.0.jar;C:\Users\Vijay\.m2\repository\software\amazon\awssdk\auth\2.15.0\auth-2.15.0.jar;C:\Users\Vijay\.m2\repository\software\amazon\eventstream\eventstream\1.0.1\eventstream-1.0.1.jar;C:\Users\Vijay\.m2\repository\software\amazon\awssdk\http-client-spi\2.15.0\http-client-spi-2.15.0.jar;C:\Users\Vijay\.m2\repository\software\amazon\awssdk\regions\2.15.0\regions-2.15.0.jar;C:\Users\Vijay\.m2\repository\software\amazon\awssdk\annotations\2.15.0\annotations-2.15.0.jar;C:\Users\Vijay\.m2\repository\software\amazon\awssdk\utils\2.15.0\utils-2.15.0.jar;C:\Users\Vijay\.m2\repository\software\amazon\awssdk\aws-core\2.15.0\aws-core-2.15.0.jar;C:\Users\Vijay\.m2\repository\software\amazon\awssdk\metrics-spi\2.15.0\metrics-spi-2.15.0.jar;C:\Users\Vijay\.m2\repository\software\amazon\awssdk\apache-client\2.15.0\apache-client-2.15.0.jar;C:\Users\Vijay\.m2\repository\software\amazon\awssdk\netty-nio-client\2.15.0\netty-nio-client-2.15.0.jar;C:\Users\Vijay\.m2\repository\io\netty\netty-codec-http2\4.1.46.Final\netty-codec-http2-4.1.46.Final.jar;C:\Users\Vijay\.m2\repository\com\typesafe\netty\netty-reactive-streams-http\2.0.4\netty-reactive-streams-http-2.0.4.jar;C:\Users\Vijay\.m2\repository\software\amazon\awssdk\iam\2.15.0\iam-2.15.0.jar;C:\Users\Vijay\.m2\repository\software\amazon\awssdk\aws-query-protocol\2.15.0\aws-query-protocol-2.15.0.jar;C:\Users\Vijay\.m2\repository\software\amazon\awssdk\kinesis\2.15.0\kinesis-2.15.0.jar;C:\Users\Vijay\.m2\repository\software\amazon\awssdk\aws-cbor-protocol\2.15.0\aws-cbor-protocol-2.15.0.jar;C:\Users\Vijay\.m2\repository\com\fasterxml\jackson\dataformat\jackson-dataformat-cbor\2.10.4\jackson-dataformat-cbor-2.10.4.jar;C:\Users\Vijay\.m2\repository\software\amazon\awssdk\s3\2.15.0\s3-2.15.0.jar;C:\Users\Vijay\.m2\repository\software\amazon\awssdk\aws-xml-protocol\2.15.0\aws-xml-protocol-2.15.0.jar;C:\Users\Vijay\.m2\repository\software\amazon\awssdk\arns\2.15.0\arns-2.15.0.jar;C:\Users\Vijay\.m2\repository\com\testyantra\optimize\tyss-common\1.0-SNAPSHOT\tyss-common-1.0-SNAPSHOT.jar;C:\Users\Vijay\.m2\repository\org\springframework\data\spring-data-mongodb\3.1.6\spring-data-mongodb-3.1.6.jar;C:\Users\Vijay\.m2\repository\org\springframework\spring-tx\5.3.5\spring-tx-5.3.5.jar;C:\Users\Vijay\.m2\repository\org\springframework\data\spring-data-commons\2.4.6\spring-data-commons-2.4.6.jar;C:\Users\Vijay\.m2\repository\org\mongodb\mongodb-driver-core\4.1.2\mongodb-driver-core-4.1.2.jar;C:\Users\Vijay\.m2\repository\javax\validation\validation-api\2.0.1.Final\validation-api-2.0.1.Final.jar;C:\Users\Vijay\.m2\repository\org\aspectj\aspectjweaver\1.9.6\aspectjweaver-1.9.6.jar;C:\Users\Vijay\.m2\repository\org\apache\commons\commons-text\1.9\commons-text-1.9.jar;C:\Users\Vijay\.m2\repository\org\apache\httpcomponents\httpcore\4.4.14\httpcore-4.4.14.jar;C:\Users\Vijay\.m2\repository\org\springframework\security\spring-security-core\5.2.2.RELEASE\spring-security-core-5.2.2.RELEASE.jar;C:\Users\Vijay\.m2\repository\org\springframework\spring-aop\5.2.3.RELEASE\spring-aop-5.2.3.RELEASE.jar;C:\Users\Vijay\.m2\repository\org\springframework\spring-beans\5.2.3.RELEASE\spring-beans-5.2.3.RELEASE.jar;C:\Users\Vijay\.m2\repository\org\springframework\spring-context\5.2.3.RELEASE\spring-context-5.2.3.RELEASE.jar;C:\Users\Vijay\.m2\repository\org\springframework\spring-core\5.2.3.RELEASE\spring-core-5.2.3.RELEASE.jar;C:\Users\Vijay\.m2\repository\org\springframework\spring-jcl\5.2.3.RELEASE\spring-jcl-5.2.3.RELEASE.jar;C:\Users\Vijay\.m2\repository\org\springframework\spring-expression\5.2.3.RELEASE\spring-expression-5.2.3.RELEASE.jar;C:\Users\Vijay\.m2\repository\org\springframework\security\oauth\spring-security-oauth2\2.5.1.RELEASE\spring-security-oauth2-2.5.1.RELEASE.jar;C:\Users\Vijay\.m2\repository\org\springframework\spring-webmvc\4.3.30.RELEASE\spring-webmvc-4.3.30.RELEASE.jar;C:\Users\Vijay\.m2\repository\org\springframework\spring-web\4.3.30.RELEASE\spring-web-4.3.30.RELEASE.jar;C:\Users\Vijay\.m2\repository\org\springframework\security\spring-security-config\4.2.20.RELEASE\spring-security-config-4.2.20.RELEASE.jar;C:\Users\Vijay\.m2\repository\aopalliance\aopalliance\1.0\aopalliance-1.0.jar;C:\Users\Vijay\.m2\repository\org\springframework\security\spring-security-web\4.2.20.RELEASE\spring-security-web-4.2.20.RELEASE.jar;C:\Users\Vijay\.m2\repository\io\swagger\swagger-annotations\1.5.20\swagger-annotations-1.5.20.jar;C:\Users\Vijay\.m2\repository\eu\agno3\jcifs\jcifs-ng\2.1.5\jcifs-ng-2.1.5.jar;C:\Users\Vijay\.m2\repository\org\bouncycastle\bcprov-jdk15on\1.66\bcprov-jdk15on-1.66.jar;C:\Users\Vijay\.m2\repository\org\seleniumhq\selenium\selenium-opera-driver\4.1.2\selenium-opera-driver-4.1.2.jar;C:\Users\Vijay\.m2\repository\com\google\auto\service\auto-service\1.0.1\auto-service-1.0.1.jar;C:\Users\Vijay\.m2\repository\com\google\auto\auto-common\1.2\auto-common-1.2.jar;C:\Users\Vijay\.m2\repository\org\mongodb\bson\4.2.3\bson-4.2.3.jar;C:\Users\Vijay\.m2\repository\org\apache\poi\poi-ooxml-schemas\4.1.1\poi-ooxml-schemas-4.1.1.jar;C:\Users\Vijay\.m2\repository\com\testyantra\optimize\tyss-config\1.0-SNAPSHOT\tyss-config-1.0-SNAPSHOT.jar;C:\Users\Vijay\.m2\repository\org\keycloak\keycloak-spring-boot-starter\18.0.2\keycloak-spring-boot-starter-18.0.2.jar;C:\Users\Vijay\.m2\repository\org\keycloak\keycloak-spring-boot-2-adapter\18.0.2\keycloak-spring-boot-2-adapter-18.0.2.jar;C:\Users\Vijay\.m2\repository\org\keycloak\keycloak-spring-boot-adapter-core\18.0.2\keycloak-spring-boot-adapter-core-18.0.2.jar;C:\Users\Vijay\.m2\repository\org\springframework\boot\spring-boot-starter-web\2.0.5.RELEASE\spring-boot-starter-web-2.0.5.RELEASE.jar;C:\Users\Vijay\.m2\repository\org\springframework\boot\spring-boot-starter-json\2.0.5.RELEASE\spring-boot-starter-json-2.0.5.RELEASE.jar;C:\Users\Vijay\.m2\repository\com\fasterxml\jackson\datatype\jackson-datatype-jdk8\2.9.6\jackson-datatype-jdk8-2.9.6.jar;C:\Users\Vijay\.m2\repository\com\fasterxml\jackson\datatype\jackson-datatype-jsr310\2.9.6\jackson-datatype-jsr310-2.9.6.jar;C:\Users\Vijay\.m2\repository\com\fasterxml\jackson\module\jackson-module-parameter-names\2.9.6\jackson-module-parameter-names-2.9.6.jar;C:\Users\Vijay\.m2\repository\org\springframework\boot\spring-boot-starter-tomcat\2.0.5.RELEASE\spring-boot-starter-tomcat-2.0.5.RELEASE.jar;C:\Users\Vijay\.m2\repository\org\apache\tomcat\embed\tomcat-embed-core\8.5.34\tomcat-embed-core-8.5.34.jar;C:\Users\Vijay\.m2\repository\org\apache\tomcat\embed\tomcat-embed-el\8.5.34\tomcat-embed-el-8.5.34.jar;C:\Users\Vijay\.m2\repository\org\apache\tomcat\embed\tomcat-embed-websocket\8.5.34\tomcat-embed-websocket-8.5.34.jar;C:\Users\Vijay\.m2\repository\org\hibernate\validator\hibernate-validator\6.0.12.Final\hibernate-validator-6.0.12.Final.jar;C:\Users\Vijay\.m2\repository\com\fasterxml\classmate\1.3.4\classmate-1.3.4.jar;C:\Users\Vijay\.m2\repository\org\keycloak\keycloak-authz-client\18.0.2\keycloak-authz-client-18.0.2.jar;C:\Users\Vijay\.m2\repository\org\springframework\boot\spring-boot-starter\2.0.3.RELEASE\spring-boot-starter-2.0.3.RELEASE.jar;C:\Users\Vijay\.m2\repository\org\springframework\boot\spring-boot\2.0.3.RELEASE\spring-boot-2.0.3.RELEASE.jar;C:\Users\Vijay\.m2\repository\org\springframework\boot\spring-boot-autoconfigure\2.0.3.RELEASE\spring-boot-autoconfigure-2.0.3.RELEASE.jar;C:\Users\Vijay\.m2\repository\org\springframework\boot\spring-boot-starter-logging\2.0.3.RELEASE\spring-boot-starter-logging-2.0.3.RELEASE.jar;C:\Users\Vijay\.m2\repository\org\apache\logging\log4j\log4j-to-slf4j\2.10.0\log4j-to-slf4j-2.10.0.jar;C:\Users\Vijay\.m2\repository\org\slf4j\jul-to-slf4j\1.7.25\jul-to-slf4j-1.7.25.jar;C:\Users\Vijay\.m2\repository\javax\annotation\javax.annotation-api\1.3.2\javax.annotation-api-1.3.2.jar;C:\Users\Vijay\.m2\repository\org\keycloak\spring-boot-container-bundle\18.0.2\spring-boot-container-bundle-18.0.2.jar;C:\Users\Vijay\.m2\repository\org\springframework\boot\spring-boot-starter-security\2.2.6.RELEASE\spring-boot-starter-security-2.2.6.RELEASE.jar;C:\Users\Vijay\.m2\repository\org\keycloak\keycloak-spring-security-adapter\18.0.2\keycloak-spring-security-adapter-18.0.2.jar;C:\Users\Vijay\.m2\repository\org\keycloak\keycloak-core\18.0.2\keycloak-core-18.0.2.jar;C:\Users\Vijay\.m2\repository\org\keycloak\keycloak-common\18.0.2\keycloak-common-18.0.2.jar;C:\Users\Vijay\.m2\repository\org\bouncycastle\bcpkix-jdk15on\1.68\bcpkix-jdk15on-1.68.jar;C:\Users\Vijay\.m2\repository\org\keycloak\keycloak-adapter-spi\18.0.2\keycloak-adapter-spi-18.0.2.jar;C:\Users\Vijay\.m2\repository\org\keycloak\keycloak-adapter-core\18.0.2\keycloak-adapter-core-18.0.2.jar;C:\Users\Vijay\.m2\repository\org\springframework\security\spring-security-oauth2-resource-server\5.2.2.RELEASE\spring-security-oauth2-resource-server-5.2.2.RELEASE.jar;C:\Users\Vijay\.m2\repository\org\springframework\security\spring-security-oauth2-core\5.2.2.RELEASE\spring-security-oauth2-core-5.2.2.RELEASE.jar;C:\Users\Vijay\.m2\repository\org\mongodb\mongodb-driver\3.12.7\mongodb-driver-3.12.7.jar;C:\Users\Vijay\.m2\repository\org\springframework\cloud\spring-cloud-starter-oauth2\2.2.4.RELEASE\spring-cloud-starter-oauth2-2.2.4.RELEASE.jar;C:\Users\Vijay\.m2\repository\org\springframework\cloud\spring-cloud-starter-security\2.2.4.RELEASE\spring-cloud-starter-security-2.2.4.RELEASE.jar;C:\Users\Vijay\.m2\repository\org\springframework\cloud\spring-cloud-starter\2.2.4.RELEASE\spring-cloud-starter-2.2.4.RELEASE.jar;C:\Users\Vijay\.m2\repository\org\springframework\cloud\spring-cloud-context\2.2.4.RELEASE\spring-cloud-context-2.2.4.RELEASE.jar;C:\Users\Vijay\.m2\repository\org\springframework\security\spring-security-crypto\5.3.3.RELEASE\spring-security-crypto-5.3.3.RELEASE.jar;C:\Users\Vijay\.m2\repository\org\springframework\cloud\spring-cloud-commons\2.2.4.RELEASE\spring-cloud-commons-2.2.4.RELEASE.jar;C:\Users\Vijay\.m2\repository\org\springframework\security\spring-security-rsa\1.0.9.RELEASE\spring-security-rsa-1.0.9.RELEASE.jar;C:\Users\Vijay\.m2\repository\org\springframework\boot\spring-boot-starter-actuator\2.3.2.RELEASE\spring-boot-starter-actuator-2.3.2.RELEASE.jar;C:\Users\Vijay\.m2\repository\org\springframework\boot\spring-boot-actuator-autoconfigure\2.3.2.RELEASE\spring-boot-actuator-autoconfigure-2.3.2.RELEASE.jar;C:\Users\Vijay\.m2\repository\org\springframework\boot\spring-boot-actuator\2.3.2.RELEASE\spring-boot-actuator-2.3.2.RELEASE.jar;C:\Users\Vijay\.m2\repository\io\micrometer\micrometer-core\1.5.3\micrometer-core-1.5.3.jar;C:\Users\Vijay\.m2\repository\org\latencyutils\LatencyUtils\2.0.3\LatencyUtils-2.0.3.jar;C:\Users\Vijay\.m2\repository\org\springframework\cloud\spring-cloud-security\2.2.4.RELEASE\spring-cloud-security-2.2.4.RELEASE.jar;C:\Users\Vijay\.m2\repository\org\springframework\security\oauth\boot\spring-security-oauth2-autoconfigure\2.1.2.RELEASE\spring-security-oauth2-autoconfigure-2.1.2.RELEASE.jar;C:\Users\Vijay\.m2\repository\com\sun\xml\bind\jaxb-core\2.3.0.1\jaxb-core-2.3.0.1.jar;C:\Users\Vijay\.m2\repository\com\sun\xml\bind\jaxb-impl\2.3.0.1\jaxb-impl-2.3.0.1.jar;C:\Users\Vijay\.m2\repository\org\springframework\security\spring-security-jwt\1.0.9.RELEASE\spring-security-jwt-1.0.9.RELEASE.jar;C:\Users\Vijay\.m2\repository\javax\activation\javax.activation-api\1.2.0\javax.activation-api-1.2.0.jar;C:\Users\Vijay\.m2\repository\javax\xml\bind\jaxb-api\2.3.1\jaxb-api-2.3.1.jar;C:\Users\Vijay\.m2\repository\org\apache\kafka\kafka-clients\2.3.1\kafka-clients-2.3.1.jar;C:\Users\Vijay\.m2\repository\com\amazonaws\aws-java-sdk\1.11.163\aws-java-sdk-1.11.163.jar;C:\Users\Vijay\.m2\repository\com\amazonaws\aws-java-sdk-dax\1.11.163\aws-java-sdk-dax-1.11.163.jar;C:\Users\Vijay\.m2\repository\com\amazonaws\jmespath-java\1.11.163\jmespath-java-1.11.163.jar;C:\Users\Vijay\.m2\repository\com\amazonaws\aws-java-sdk-greengrass\1.11.163\aws-java-sdk-greengrass-1.11.163.jar;C:\Users\Vijay\.m2\repository\com\amazonaws\aws-java-sdk-athena\1.11.163\aws-java-sdk-athena-1.11.163.jar;C:\Users\Vijay\.m2\repository\com\amazonaws\aws-java-sdk-marketplaceentitlement\1.11.163\aws-java-sdk-marketplaceentitlement-1.11.163.jar;C:\Users\Vijay\.m2\repository\com\amazonaws\aws-java-sdk-codestar\1.11.163\aws-java-sdk-codestar-1.11.163.jar;C:\Users\Vijay\.m2\repository\com\amazonaws\aws-java-sdk-lexmodelbuilding\1.11.163\aws-java-sdk-lexmodelbuilding-1.11.163.jar;C:\Users\Vijay\.m2\repository\com\amazonaws\aws-java-sdk-resourcegroupstaggingapi\1.11.163\aws-java-sdk-resourcegroupstaggingapi-1.11.163.jar;C:\Users\Vijay\.m2\repository\com\amazonaws\aws-java-sdk-pinpoint\1.11.163\aws-java-sdk-pinpoint-1.11.163.jar;C:\Users\Vijay\.m2\repository\com\amazonaws\aws-java-sdk-xray\1.11.163\aws-java-sdk-xray-1.11.163.jar;C:\Users\Vijay\.m2\repository\com\amazonaws\aws-java-sdk-opsworkscm\1.11.163\aws-java-sdk-opsworkscm-1.11.163.jar;C:\Users\Vijay\.m2\repository\com\amazonaws\aws-java-sdk-support\1.11.163\aws-java-sdk-support-1.11.163.jar;C:\Users\Vijay\.m2\repository\com\amazonaws\aws-java-sdk-simpledb\1.11.163\aws-java-sdk-simpledb-1.11.163.jar;C:\Users\Vijay\.m2\repository\com\amazonaws\aws-java-sdk-servicecatalog\1.11.163\aws-java-sdk-servicecatalog-1.11.163.jar;C:\Users\Vijay\.m2\repository\com\amazonaws\aws-java-sdk-servermigration\1.11.163\aws-java-sdk-servermigration-1.11.163.jar;C:\Users\Vijay\.m2\repository\com\amazonaws\aws-java-sdk-simpleworkflow\1.11.163\aws-java-sdk-simpleworkflow-1.11.163.jar;C:\Users\Vijay\.m2\repository\com\amazonaws\aws-java-sdk-storagegateway\1.11.163\aws-java-sdk-storagegateway-1.11.163.jar;C:\Users\Vijay\.m2\repository\com\amazonaws\aws-java-sdk-route53\1.11.163\aws-java-sdk-route53-1.11.163.jar;C:\Users\Vijay\.m2\repository\com\amazonaws\aws-java-sdk-s3\1.11.163\aws-java-sdk-s3-1.11.163.jar;C:\Users\Vijay\.m2\repository\com\amazonaws\aws-java-sdk-importexport\1.11.163\aws-java-sdk-importexport-1.11.163.jar;C:\Users\Vijay\.m2\repository\com\amazonaws\aws-java-sdk-sts\1.11.163\aws-java-sdk-sts-1.11.163.jar;C:\Users\Vijay\.m2\repository\com\amazonaws\aws-java-sdk-sqs\1.11.163\aws-java-sdk-sqs-1.11.163.jar;C:\Users\Vijay\.m2\repository\com\amazonaws\aws-java-sdk-rds\1.11.163\aws-java-sdk-rds-1.11.163.jar;C:\Users\Vijay\.m2\repository\com\amazonaws\aws-java-sdk-redshift\1.11.163\aws-java-sdk-redshift-1.11.163.jar;C:\Users\Vijay\.m2\repository\com\amazonaws\aws-java-sdk-elasticbeanstalk\1.11.163\aws-java-sdk-elasticbeanstalk-1.11.163.jar;C:\Users\Vijay\.m2\repository\com\amazonaws\aws-java-sdk-glacier\1.11.163\aws-java-sdk-glacier-1.11.163.jar;C:\Users\Vijay\.m2\repository\com\amazonaws\aws-java-sdk-iam\1.11.163\aws-java-sdk-iam-1.11.163.jar;C:\Users\Vijay\.m2\repository\com\amazonaws\aws-java-sdk-datapipeline\1.11.163\aws-java-sdk-datapipeline-1.11.163.jar;C:\Users\Vijay\.m2\repository\com\amazonaws\aws-java-sdk-elasticloadbalancing\1.11.163\aws-java-sdk-elasticloadbalancing-1.11.163.jar;C:\Users\Vijay\.m2\repository\com\amazonaws\aws-java-sdk-elasticloadbalancingv2\1.11.163\aws-java-sdk-elasticloadbalancingv2-1.11.163.jar;C:\Users\Vijay\.m2\repository\com\amazonaws\aws-java-sdk-emr\1.11.163\aws-java-sdk-emr-1.11.163.jar;C:\Users\Vijay\.m2\repository\com\amazonaws\aws-java-sdk-elasticache\1.11.163\aws-java-sdk-elasticache-1.11.163.jar;C:\Users\Vijay\.m2\repository\com\amazonaws\aws-java-sdk-elastictranscoder\1.11.163\aws-java-sdk-elastictranscoder-1.11.163.jar;C:\Users\Vijay\.m2\repository\com\amazonaws\aws-java-sdk-ec2\1.11.163\aws-java-sdk-ec2-1.11.163.jar;C:\Users\Vijay\.m2\repository\com\amazonaws\aws-java-sdk-dynamodb\1.11.163\aws-java-sdk-dynamodb-1.11.163.jar;C:\Users\Vijay\.m2\repository\com\amazonaws\aws-java-sdk-sns\1.11.163\aws-java-sdk-sns-1.11.163.jar;C:\Users\Vijay\.m2\repository\com\amazonaws\aws-java-sdk-budgets\1.11.163\aws-java-sdk-budgets-1.11.163.jar;C:\Users\Vijay\.m2\repository\com\amazonaws\aws-java-sdk-cloudtrail\1.11.163\aws-java-sdk-cloudtrail-1.11.163.jar;C:\Users\Vijay\.m2\repository\com\amazonaws\aws-java-sdk-cloudwatch\1.11.163\aws-java-sdk-cloudwatch-1.11.163.jar;C:\Users\Vijay\.m2\repository\com\amazonaws\aws-java-sdk-logs\1.11.163\aws-java-sdk-logs-1.11.163.jar;C:\Users\Vijay\.m2\repository\com\amazonaws\aws-java-sdk-events\1.11.163\aws-java-sdk-events-1.11.163.jar;C:\Users\Vijay\.m2\repository\com\amazonaws\aws-java-sdk-cognitoidentity\1.11.163\aws-java-sdk-cognitoidentity-1.11.163.jar;C:\Users\Vijay\.m2\repository\com\amazonaws\aws-java-sdk-cognitosync\1.11.163\aws-java-sdk-cognitosync-1.11.163.jar;C:\Users\Vijay\.m2\repository\com\amazonaws\aws-java-sdk-directconnect\1.11.163\aws-java-sdk-directconnect-1.11.163.jar;C:\Users\Vijay\.m2\repository\com\amazonaws\aws-java-sdk-cloudformation\1.11.163\aws-java-sdk-cloudformation-1.11.163.jar;C:\Users\Vijay\.m2\repository\com\amazonaws\aws-java-sdk-cloudfront\1.11.163\aws-java-sdk-cloudfront-1.11.163.jar;C:\Users\Vijay\.m2\repository\com\amazonaws\aws-java-sdk-clouddirectory\1.11.163\aws-java-sdk-clouddirectory-1.11.163.jar;C:\Users\Vijay\.m2\repository\com\amazonaws\aws-java-sdk-kinesis\1.11.163\aws-java-sdk-kinesis-1.11.163.jar;C:\Users\Vijay\.m2\repository\com\amazonaws\aws-java-sdk-opsworks\1.11.163\aws-java-sdk-opsworks-1.11.163.jar;C:\Users\Vijay\.m2\repository\com\amazonaws\aws-java-sdk-ses\1.11.163\aws-java-sdk-ses-1.11.163.jar;C:\Users\Vijay\.m2\repository\com\amazonaws\aws-java-sdk-autoscaling\1.11.163\aws-java-sdk-autoscaling-1.11.163.jar;C:\Users\Vijay\.m2\repository\com\amazonaws\aws-java-sdk-cloudsearch\1.11.163\aws-java-sdk-cloudsearch-1.11.163.jar;C:\Users\Vijay\.m2\repository\com\amazonaws\aws-java-sdk-cloudwatchmetrics\1.11.163\aws-java-sdk-cloudwatchmetrics-1.11.163.jar;C:\Users\Vijay\.m2\repository\com\amazonaws\aws-java-sdk-codedeploy\1.11.163\aws-java-sdk-codedeploy-1.11.163.jar;C:\Users\Vijay\.m2\repository\com\amazonaws\aws-java-sdk-codepipeline\1.11.163\aws-java-sdk-codepipeline-1.11.163.jar;C:\Users\Vijay\.m2\repository\com\amazonaws\aws-java-sdk-kms\1.11.163\aws-java-sdk-kms-1.11.163.jar;C:\Users\Vijay\.m2\repository\com\amazonaws\aws-java-sdk-config\1.11.163\aws-java-sdk-config-1.11.163.jar;C:\Users\Vijay\.m2\repository\com\amazonaws\aws-java-sdk-lambda\1.11.163\aws-java-sdk-lambda-1.11.163.jar;C:\Users\Vijay\.m2\repository\com\amazonaws\aws-java-sdk-ecs\1.11.163\aws-java-sdk-ecs-1.11.163.jar;C:\Users\Vijay\.m2\repository\com\amazonaws\aws-java-sdk-ecr\1.11.163\aws-java-sdk-ecr-1.11.163.jar;C:\Users\Vijay\.m2\repository\com\amazonaws\aws-java-sdk-cloudhsm\1.11.163\aws-java-sdk-cloudhsm-1.11.163.jar;C:\Users\Vijay\.m2\repository\com\amazonaws\aws-java-sdk-ssm\1.11.163\aws-java-sdk-ssm-1.11.163.jar;C:\Users\Vijay\.m2\repository\com\amazonaws\aws-java-sdk-workspaces\1.11.163\aws-java-sdk-workspaces-1.11.163.jar;C:\Users\Vijay\.m2\repository\com\amazonaws\aws-java-sdk-machinelearning\1.11.163\aws-java-sdk-machinelearning-1.11.163.jar;C:\Users\Vijay\.m2\repository\com\amazonaws\aws-java-sdk-directory\1.11.163\aws-java-sdk-directory-1.11.163.jar;C:\Users\Vijay\.m2\repository\com\amazonaws\aws-java-sdk-efs\1.11.163\aws-java-sdk-efs-1.11.163.jar;C:\Users\Vijay\.m2\repository\com\amazonaws\aws-java-sdk-codecommit\1.11.163\aws-java-sdk-codecommit-1.11.163.jar;C:\Users\Vijay\.m2\repository\com\amazonaws\aws-java-sdk-devicefarm\1.11.163\aws-java-sdk-devicefarm-1.11.163.jar;C:\Users\Vijay\.m2\repository\com\amazonaws\aws-java-sdk-elasticsearch\1.11.163\aws-java-sdk-elasticsearch-1.11.163.jar;C:\Users\Vijay\.m2\repository\com\amazonaws\aws-java-sdk-waf\1.11.163\aws-java-sdk-waf-1.11.163.jar;C:\Users\Vijay\.m2\repository\com\amazonaws\aws-java-sdk-marketplacecommerceanalytics\1.11.163\aws-java-sdk-marketplacecommerceanalytics-1.11.163.jar;C:\Users\Vijay\.m2\repository\com\amazonaws\aws-java-sdk-inspector\1.11.163\aws-java-sdk-inspector-1.11.163.jar;C:\Users\Vijay\.m2\repository\com\amazonaws\aws-java-sdk-iot\1.11.163\aws-java-sdk-iot-1.11.163.jar;C:\Users\Vijay\.m2\repository\com\amazonaws\aws-java-sdk-api-gateway\1.11.163\aws-java-sdk-api-gateway-1.11.163.jar;C:\Users\Vijay\.m2\repository\com\amazonaws\aws-java-sdk-acm\1.11.163\aws-java-sdk-acm-1.11.163.jar;C:\Users\Vijay\.m2\repository\com\amazonaws\aws-java-sdk-gamelift\1.11.163\aws-java-sdk-gamelift-1.11.163.jar;C:\Users\Vijay\.m2\repository\com\amazonaws\aws-java-sdk-dms\1.11.163\aws-java-sdk-dms-1.11.163.jar;C:\Users\Vijay\.m2\repository\com\amazonaws\aws-java-sdk-marketplacemeteringservice\1.11.163\aws-java-sdk-marketplacemeteringservice-1.11.163.jar;C:\Users\Vijay\.m2\repository\com\amazonaws\aws-java-sdk-cognitoidp\1.11.163\aws-java-sdk-cognitoidp-1.11.163.jar;C:\Users\Vijay\.m2\repository\com\amazonaws\aws-java-sdk-discovery\1.11.163\aws-java-sdk-discovery-1.11.163.jar;C:\Users\Vijay\.m2\repository\com\amazonaws\aws-java-sdk-applicationautoscaling\1.11.163\aws-java-sdk-applicationautoscaling-1.11.163.jar;C:\Users\Vijay\.m2\repository\com\amazonaws\aws-java-sdk-snowball\1.11.163\aws-java-sdk-snowball-1.11.163.jar;C:\Users\Vijay\.m2\repository\com\amazonaws\aws-java-sdk-rekognition\1.11.163\aws-java-sdk-rekognition-1.11.163.jar;C:\Users\Vijay\.m2\repository\com\amazonaws\aws-java-sdk-polly\1.11.163\aws-java-sdk-polly-1.11.163.jar;C:\Users\Vijay\.m2\repository\com\amazonaws\aws-java-sdk-lightsail\1.11.163\aws-java-sdk-lightsail-1.11.163.jar;C:\Users\Vijay\.m2\repository\com\amazonaws\aws-java-sdk-stepfunctions\1.11.163\aws-java-sdk-stepfunctions-1.11.163.jar;C:\Users\Vijay\.m2\repository\com\amazonaws\aws-java-sdk-health\1.11.163\aws-java-sdk-health-1.11.163.jar;C:\Users\Vijay\.m2\repository\com\amazonaws\aws-java-sdk-costandusagereport\1.11.163\aws-java-sdk-costandusagereport-1.11.163.jar;C:\Users\Vijay\.m2\repository\com\amazonaws\aws-java-sdk-codebuild\1.11.163\aws-java-sdk-codebuild-1.11.163.jar;C:\Users\Vijay\.m2\repository\com\amazonaws\aws-java-sdk-appstream\1.11.163\aws-java-sdk-appstream-1.11.163.jar;C:\Users\Vijay\.m2\repository\com\amazonaws\aws-java-sdk-shield\1.11.163\aws-java-sdk-shield-1.11.163.jar;C:\Users\Vijay\.m2\repository\com\amazonaws\aws-java-sdk-batch\1.11.163\aws-java-sdk-batch-1.11.163.jar;C:\Users\Vijay\.m2\repository\com\amazonaws\aws-java-sdk-lex\1.11.163\aws-java-sdk-lex-1.11.163.jar;C:\Users\Vijay\.m2\repository\com\amazonaws\aws-java-sdk-mechanicalturkrequester\1.11.163\aws-java-sdk-mechanicalturkrequester-1.11.163.jar;C:\Users\Vijay\.m2\repository\com\amazonaws\aws-java-sdk-organizations\1.11.163\aws-java-sdk-organizations-1.11.163.jar;C:\Users\Vijay\.m2\repository\com\amazonaws\aws-java-sdk-workdocs\1.11.163\aws-java-sdk-workdocs-1.11.163.jar;C:\Users\Vijay\.m2\repository\com\amazonaws\aws-java-sdk-core\1.11.163\aws-java-sdk-core-1.11.163.jar;C:\Users\Vijay\.m2\repository\software\amazon\ion\ion-java\1.0.2\ion-java-1.0.2.jar;C:\Users\Vijay\.m2\repository\joda-time\joda-time\2.8.1\joda-time-2.8.1.jar;C:\Users\Vijay\.m2\repository\com\amazonaws\aws-java-sdk-models\1.11.163\aws-java-sdk-models-1.11.163.jar;C:\Users\Vijay\.m2\repository\com\amazonaws\aws-java-sdk-swf-libraries\1.11.22\aws-java-sdk-swf-libraries-1.11.22.jar;C:\Users\Vijay\.m2\repository\io\burt\jmespath-core\0.5.0\jmespath-core-0.5.0.jar;C:\Users\Vijay\.m2\repository\io\burt\jmespath-jackson\0.5.0\jmespath-jackson-0.5.0.jar;C:\Users\Vijay\.m2\repository\org\springframework\integration\spring-integration-smb\1.2.2.RELEASE\spring-integration-smb-1.2.2.RELEASE.jar;C:\Users\Vijay\.m2\repository\org\codelibs\jcifs\2.1.29\jcifs-2.1.29.jar;C:\Users\Vijay\.m2\repository\org\springframework\integration\spring-integration-file\5.3.10.RELEASE\spring-integration-file-5.3.10.RELEASE.jar;C:\Users\Vijay\.m2\repository\org\springframework\integration\spring-integration-core\5.3.10.RELEASE\spring-integration-core-5.3.10.RELEASE.jar;C:\Users\Vijay\.m2\repository\org\springframework\spring-messaging\5.2.19.RELEASE\spring-messaging-5.2.19.RELEASE.jar;C:\Users\Vijay\.m2\repository\org\springframework\retry\spring-retry\1.2.5.RELEASE\spring-retry-1.2.5.RELEASE.jar;C:\Users\Vijay\.m2\repository\io\projectreactor\reactor-core\3.3.22.RELEASE\reactor-core-3.3.22.RELEASE.jar;"/>
    <property name="java.vm.vendor" value="Oracle Corporation"/>
    <property name="sun.arch.data.model" value="64"/>
    <property name="user.variant" value=""/>
    <property name="java.vendor.url" value="https://openjdk.java.net/"/>
    <property name="user.timezone" value="Asia/Calcutta"/>
    <property name="java.vm.specification.version" value="11"/>
    <property name="os.name" value="Windows 11"/>
    <property name="sun.java.launcher" value="SUN_STANDARD"/>
    <property name="user.country" value="IN"/>
    <property name="sun.boot.library.path" value="C:\Program Files\Java\jdk-11.0.15\bin"/>
    <property name="sun.java.command" value="C:\Users\Vijay\AppData\Local\Temp\surefire10210598640907210014\surefirebooter-20230830184612300_3.jar C:\Users\Vijay\AppData\Local\Temp\surefire10210598640907210014 2023-08-30T18-46-11_643-jvmRun1 surefire-20230830184612300_1tmp surefire_0-20230830184612300_2tmp"/>
    <property name="jdk.debug" value="release"/>
    <property name="surefire.test.class.path" value="C:\MyEclipse\My Automation\target\test-classes;C:\MyEclipse\My Automation\target\classes;C:\Users\Vijay\.m2\repository\org\json\json\20230618\json-20230618.jar;C:\Users\Vijay\.m2\repository\org\testng\testng\7.8.0\testng-7.8.0.jar;C:\Users\Vijay\.m2\repository\org\slf4j\slf4j-api\1.7.36\slf4j-api-1.7.36.jar;C:\Users\Vijay\.m2\repository\com\beust\jcommander\1.82\jcommander-1.82.jar;C:\Users\Vijay\.m2\repository\org\webjars\jquery\3.6.1\jquery-3.6.1.jar;C:\Users\Vijay\.m2\repository\io\github\sukgu\automation\0.1.4.1\automation-0.1.4.1.jar;C:\Users\Vijay\.m2\repository\io\github\bonigarcia\webdrivermanager\3.8.1\webdrivermanager-3.8.1.jar;C:\Users\Vijay\.m2\repository\org\rauschig\jarchivelib\1.0.0\jarchivelib-1.0.0.jar;C:\Users\Vijay\.m2\repository\org\projectlombok\lombok\1.18.28\lombok-1.18.28.jar;C:\Users\Vijay\.m2\repository\com\github\javafaker\javafaker\1.0.2\javafaker-1.0.2.jar;C:\Users\Vijay\.m2\repository\org\apache\commons\commons-lang3\3.5\commons-lang3-3.5.jar;C:\Users\Vijay\.m2\repository\org\yaml\snakeyaml\1.23\snakeyaml-1.23-android.jar;C:\Users\Vijay\.m2\repository\com\github\mifmif\generex\1.0.2\generex-1.0.2.jar;C:\Users\Vijay\.m2\repository\dk\brics\automaton\automaton\1.11-8\automaton-1.11-8.jar;C:\Users\Vijay\.m2\repository\org\seleniumhq\selenium\selenium-java\4.11.0\selenium-java-4.11.0.jar;C:\Users\Vijay\.m2\repository\org\seleniumhq\selenium\selenium-api\4.11.0\selenium-api-4.11.0.jar;C:\Users\Vijay\.m2\repository\org\seleniumhq\selenium\selenium-devtools-v113\4.11.0\selenium-devtools-v113-4.11.0.jar;C:\Users\Vijay\.m2\repository\org\seleniumhq\selenium\selenium-devtools-v114\4.11.0\selenium-devtools-v114-4.11.0.jar;C:\Users\Vijay\.m2\repository\org\seleniumhq\selenium\selenium-devtools-v115\4.11.0\selenium-devtools-v115-4.11.0.jar;C:\Users\Vijay\.m2\repository\org\seleniumhq\selenium\selenium-devtools-v85\4.11.0\selenium-devtools-v85-4.11.0.jar;C:\Users\Vijay\.m2\repository\org\seleniumhq\selenium\selenium-edge-driver\4.11.0\selenium-edge-driver-4.11.0.jar;C:\Users\Vijay\.m2\repository\org\seleniumhq\selenium\selenium-ie-driver\4.11.0\selenium-ie-driver-4.11.0.jar;C:\Users\Vijay\.m2\repository\org\seleniumhq\selenium\selenium-remote-driver\4.11.0\selenium-remote-driver-4.11.0.jar;C:\Users\Vijay\.m2\repository\io\netty\netty-buffer\4.1.92.Final\netty-buffer-4.1.92.Final.jar;C:\Users\Vijay\.m2\repository\io\netty\netty-codec-http\4.1.92.Final\netty-codec-http-4.1.92.Final.jar;C:\Users\Vijay\.m2\repository\io\netty\netty-codec\4.1.92.Final\netty-codec-4.1.92.Final.jar;C:\Users\Vijay\.m2\repository\io\netty\netty-handler\4.1.92.Final\netty-handler-4.1.92.Final.jar;C:\Users\Vijay\.m2\repository\io\netty\netty-common\4.1.92.Final\netty-common-4.1.92.Final.jar;C:\Users\Vijay\.m2\repository\io\netty\netty-transport-classes-epoll\4.1.92.Final\netty-transport-classes-epoll-4.1.92.Final.jar;C:\Users\Vijay\.m2\repository\io\netty\netty-transport-classes-kqueue\4.1.92.Final\netty-transport-classes-kqueue-4.1.92.Final.jar;C:\Users\Vijay\.m2\repository\io\netty\netty-transport-native-epoll\4.1.92.Final\netty-transport-native-epoll-4.1.92.Final.jar;C:\Users\Vijay\.m2\repository\io\netty\netty-transport-native-kqueue\4.1.92.Final\netty-transport-native-kqueue-4.1.92.Final.jar;C:\Users\Vijay\.m2\repository\io\netty\netty-transport-native-unix-common\4.1.92.Final\netty-transport-native-unix-common-4.1.92.Final.jar;C:\Users\Vijay\.m2\repository\io\netty\netty-transport\4.1.92.Final\netty-transport-4.1.92.Final.jar;C:\Users\Vijay\.m2\repository\io\netty\netty-resolver\4.1.92.Final\netty-resolver-4.1.92.Final.jar;C:\Users\Vijay\.m2\repository\io\opentelemetry\opentelemetry-api\1.26.0\opentelemetry-api-1.26.0.jar;C:\Users\Vijay\.m2\repository\io\opentelemetry\opentelemetry-context\1.26.0\opentelemetry-context-1.26.0.jar;C:\Users\Vijay\.m2\repository\io\opentelemetry\opentelemetry-exporter-logging\1.26.0\opentelemetry-exporter-logging-1.26.0.jar;C:\Users\Vijay\.m2\repository\io\opentelemetry\opentelemetry-sdk-metrics\1.26.0\opentelemetry-sdk-metrics-1.26.0.jar;C:\Users\Vijay\.m2\repository\io\opentelemetry\opentelemetry-extension-incubator\1.26.0-alpha\opentelemetry-extension-incubator-1.26.0-alpha.jar;C:\Users\Vijay\.m2\repository\io\opentelemetry\opentelemetry-sdk-logs\1.26.0-alpha\opentelemetry-sdk-logs-1.26.0-alpha.jar;C:\Users\Vijay\.m2\repository\io\opentelemetry\opentelemetry-api-logs\1.26.0-alpha\opentelemetry-api-logs-1.26.0-alpha.jar;C:\Users\Vijay\.m2\repository\io\opentelemetry\opentelemetry-api-events\1.26.0-alpha\opentelemetry-api-events-1.26.0-alpha.jar;C:\Users\Vijay\.m2\repository\io\opentelemetry\opentelemetry-sdk-common\1.26.0\opentelemetry-sdk-common-1.26.0.jar;C:\Users\Vijay\.m2\repository\io\opentelemetry\opentelemetry-sdk-extension-autoconfigure-spi\1.26.0\opentelemetry-sdk-extension-autoconfigure-spi-1.26.0.jar;C:\Users\Vijay\.m2\repository\io\opentelemetry\opentelemetry-sdk-extension-autoconfigure\1.26.0-alpha\opentelemetry-sdk-extension-autoconfigure-1.26.0-alpha.jar;C:\Users\Vijay\.m2\repository\io\opentelemetry\opentelemetry-sdk-trace\1.26.0\opentelemetry-sdk-trace-1.26.0.jar;C:\Users\Vijay\.m2\repository\io\opentelemetry\opentelemetry-sdk\1.26.0\opentelemetry-sdk-1.26.0.jar;C:\Users\Vijay\.m2\repository\io\opentelemetry\opentelemetry-semconv\1.26.0-alpha\opentelemetry-semconv-1.26.0-alpha.jar;C:\Users\Vijay\.m2\repository\net\bytebuddy\byte-buddy\1.14.4\byte-buddy-1.14.4.jar;C:\Users\Vijay\.m2\repository\org\apache\commons\commons-exec\1.3\commons-exec-1.3.jar;C:\Users\Vijay\.m2\repository\org\asynchttpclient\async-http-client\2.12.3\async-http-client-2.12.3.jar;C:\Users\Vijay\.m2\repository\org\asynchttpclient\async-http-client-netty-utils\2.12.3\async-http-client-netty-utils-2.12.3.jar;C:\Users\Vijay\.m2\repository\io\netty\netty-codec-socks\4.1.60.Final\netty-codec-socks-4.1.60.Final.jar;C:\Users\Vijay\.m2\repository\io\netty\netty-handler-proxy\4.1.60.Final\netty-handler-proxy-4.1.60.Final.jar;C:\Users\Vijay\.m2\repository\io\netty\netty-transport-native-epoll\4.1.60.Final\netty-transport-native-epoll-4.1.60.Final-linux-x86_64.jar;C:\Users\Vijay\.m2\repository\io\netty\netty-transport-native-kqueue\4.1.60.Final\netty-transport-native-kqueue-4.1.60.Final-osx-x86_64.jar;C:\Users\Vijay\.m2\repository\com\typesafe\netty\netty-reactive-streams\2.0.4\netty-reactive-streams-2.0.4.jar;C:\Users\Vijay\.m2\repository\com\sun\activation\jakarta.activation\1.2.2\jakarta.activation-1.2.2.jar;C:\Users\Vijay\.m2\repository\org\seleniumhq\selenium\selenium-safari-driver\4.11.0\selenium-safari-driver-4.11.0.jar;C:\Users\Vijay\.m2\repository\org\seleniumhq\selenium\selenium-support\4.11.0\selenium-support-4.11.0.jar;C:\Users\Vijay\.m2\repository\com\google\guava\guava-testlib\32.1.1-jre\guava-testlib-32.1.1-jre.jar;C:\Users\Vijay\.m2\repository\com\google\code\findbugs\jsr305\3.0.2\jsr305-3.0.2.jar;C:\Users\Vijay\.m2\repository\org\checkerframework\checker-qual\3.33.0\checker-qual-3.33.0.jar;C:\Users\Vijay\.m2\repository\com\google\errorprone\error_prone_annotations\2.18.0\error_prone_annotations-2.18.0.jar;C:\Users\Vijay\.m2\repository\com\google\j2objc\j2objc-annotations\2.8\j2objc-annotations-2.8.jar;C:\Users\Vijay\.m2\repository\com\google\guava\guava\32.1.1-jre\guava-32.1.1-jre.jar;C:\Users\Vijay\.m2\repository\com\google\guava\failureaccess\1.0.1\failureaccess-1.0.1.jar;C:\Users\Vijay\.m2\repository\com\google\guava\listenablefuture\9999.0-empty-to-avoid-conflict-with-guava\listenablefuture-9999.0-empty-to-avoid-conflict-with-guava.jar;C:\Users\Vijay\.m2\repository\junit\junit\4.13.2\junit-4.13.2.jar;C:\Users\Vijay\.m2\repository\org\hamcrest\hamcrest-core\1.3\hamcrest-core-1.3.jar;C:\Users\Vijay\.m2\repository\org\seleniumhq\selenium\selenium-chrome-driver\4.11.0\selenium-chrome-driver-4.11.0.jar;C:\Users\Vijay\.m2\repository\com\google\auto\service\auto-service-annotations\1.0.1\auto-service-annotations-1.0.1.jar;C:\Users\Vijay\.m2\repository\org\seleniumhq\selenium\selenium-chromium-driver\4.11.0\selenium-chromium-driver-4.11.0.jar;C:\Users\Vijay\.m2\repository\org\seleniumhq\selenium\selenium-json\4.11.0\selenium-json-4.11.0.jar;C:\Users\Vijay\.m2\repository\org\seleniumhq\selenium\selenium-manager\4.11.0\selenium-manager-4.11.0.jar;C:\Users\Vijay\.m2\repository\org\seleniumhq\selenium\selenium-firefox-driver\4.11.0\selenium-firefox-driver-4.11.0.jar;C:\Users\Vijay\.m2\repository\org\seleniumhq\selenium\selenium-http\4.11.0\selenium-http-4.11.0.jar;C:\Users\Vijay\.m2\repository\dev\failsafe\failsafe\3.3.1\failsafe-3.3.1.jar;C:\Users\Vijay\.m2\repository\io\appium\java-client\8.3.0\java-client-8.3.0.jar;C:\Users\Vijay\.m2\repository\com\google\code\gson\gson\2.10\gson-2.10.jar;C:\Users\Vijay\.m2\repository\cglib\cglib\3.3.0\cglib-3.3.0.jar;C:\Users\Vijay\.m2\repository\commons-validator\commons-validator\1.7\commons-validator-1.7.jar;C:\Users\Vijay\.m2\repository\commons-beanutils\commons-beanutils\1.9.4\commons-beanutils-1.9.4.jar;C:\Users\Vijay\.m2\repository\commons-digester\commons-digester\2.1\commons-digester-2.1.jar;C:\Users\Vijay\.m2\repository\commons-logging\commons-logging\1.2\commons-logging-1.2.jar;C:\Users\Vijay\.m2\repository\commons-collections\commons-collections\3.2.2\commons-collections-3.2.2.jar;C:\Users\Vijay\.m2\repository\commons-io\commons-io\2.11.0\commons-io-2.11.0.jar;C:\Users\Vijay\.m2\repository\com\aventstack\extentreports\5.0.9\extentreports-5.0.9.jar;C:\Users\Vijay\.m2\repository\io\reactivex\rxjava3\rxjava\3.0.4\rxjava-3.0.4.jar;C:\Users\Vijay\.m2\repository\org\reactivestreams\reactive-streams\1.0.3\reactive-streams-1.0.3.jar;C:\Users\Vijay\.m2\repository\org\freemarker\freemarker\2.3.30\freemarker-2.3.30.jar;C:\Users\Vijay\.m2\repository\org\apache\poi\poi\5.2.3\poi-5.2.3.jar;C:\Users\Vijay\.m2\repository\commons-codec\commons-codec\1.15\commons-codec-1.15.jar;C:\Users\Vijay\.m2\repository\org\apache\commons\commons-collections4\4.4\commons-collections4-4.4.jar;C:\Users\Vijay\.m2\repository\org\apache\commons\commons-math3\3.6.1\commons-math3-3.6.1.jar;C:\Users\Vijay\.m2\repository\com\zaxxer\SparseBitSet\1.2\SparseBitSet-1.2.jar;C:\Users\Vijay\.m2\repository\org\apache\poi\poi-ooxml\5.2.3\poi-ooxml-5.2.3.jar;C:\Users\Vijay\.m2\repository\org\apache\poi\poi-ooxml-lite\5.2.3\poi-ooxml-lite-5.2.3.jar;C:\Users\Vijay\.m2\repository\org\apache\xmlbeans\xmlbeans\5.1.1\xmlbeans-5.1.1.jar;C:\Users\Vijay\.m2\repository\org\apache\commons\commons-compress\1.21\commons-compress-1.21.jar;C:\Users\Vijay\.m2\repository\com\github\virtuald\curvesapi\1.07\curvesapi-1.07.jar;C:\Users\Vijay\.m2\repository\org\apache\logging\log4j\log4j-api\2.20.0\log4j-api-2.20.0.jar;C:\Users\Vijay\.m2\repository\org\apache\logging\log4j\log4j-core\2.20.0\log4j-core-2.20.0.jar;C:\Users\Vijay\.m2\repository\net\sourceforge\tess4j\tess4j\5.6.0\tess4j-5.6.0.jar;C:\Users\Vijay\.m2\repository\net\java\dev\jna\jna\5.13.0\jna-5.13.0.jar;C:\Users\Vijay\.m2\repository\com\github\jai-imageio\jai-imageio-core\1.4.0\jai-imageio-core-1.4.0.jar;C:\Users\Vijay\.m2\repository\org\apache\pdfbox\pdfbox\2.0.27\pdfbox-2.0.27.jar;C:\Users\Vijay\.m2\repository\org\apache\pdfbox\fontbox\2.0.27\fontbox-2.0.27.jar;C:\Users\Vijay\.m2\repository\org\apache\pdfbox\pdfbox-tools\2.0.27\pdfbox-tools-2.0.27.jar;C:\Users\Vijay\.m2\repository\org\apache\pdfbox\pdfbox-debugger\2.0.27\pdfbox-debugger-2.0.27.jar;C:\Users\Vijay\.m2\repository\org\apache\pdfbox\jbig2-imageio\3.0.4\jbig2-imageio-3.0.4.jar;C:\Users\Vijay\.m2\repository\net\sourceforge\lept4j\lept4j\1.18.0\lept4j-1.18.0.jar;C:\Users\Vijay\.m2\repository\org\jboss\jboss-vfs\3.2.17.Final\jboss-vfs-3.2.17.Final.jar;C:\Users\Vijay\.m2\repository\org\jboss\logging\jboss-logging\3.1.4.GA\jboss-logging-3.1.4.GA.jar;C:\Users\Vijay\.m2\repository\com\google\zxing\core\3.5.1\core-3.5.1.jar;C:\Users\Vijay\.m2\repository\org\jsoup\jsoup\1.15.4\jsoup-1.15.4.jar;C:\Users\Vijay\.m2\repository\com\maxmind\geoip2\geoip2\4.0.1\geoip2-4.0.1.jar;C:\Users\Vijay\.m2\repository\com\maxmind\db\maxmind-db\3.0.0\maxmind-db-3.0.0.jar;C:\Users\Vijay\.m2\repository\com\fasterxml\jackson\core\jackson-databind\2.14.2\jackson-databind-2.14.2.jar;C:\Users\Vijay\.m2\repository\com\fasterxml\jackson\core\jackson-core\2.14.2\jackson-core-2.14.2.jar;C:\Users\Vijay\.m2\repository\com\fasterxml\jackson\core\jackson-annotations\2.14.2\jackson-annotations-2.14.2.jar;C:\Users\Vijay\.m2\repository\com\sun\mail\javax.mail\1.6.2\javax.mail-1.6.2.jar;C:\Users\Vijay\.m2\repository\javax\activation\activation\1.1\activation-1.1.jar;C:\Users\Vijay\.m2\repository\com\sun\activation\javax.activation\1.2.0\javax.activation-1.2.0.jar;C:\Users\Vijay\.m2\repository\io\rest-assured\rest-assured\5.3.1\rest-assured-5.3.1.jar;C:\Users\Vijay\.m2\repository\org\apache\groovy\groovy\4.0.11\groovy-4.0.11.jar;C:\Users\Vijay\.m2\repository\org\apache\groovy\groovy-xml\4.0.11\groovy-xml-4.0.11.jar;C:\Users\Vijay\.m2\repository\org\apache\httpcomponents\httpclient\4.5.13\httpclient-4.5.13.jar;C:\Users\Vijay\.m2\repository\org\apache\httpcomponents\httpmime\4.5.13\httpmime-4.5.13.jar;C:\Users\Vijay\.m2\repository\org\hamcrest\hamcrest\2.2\hamcrest-2.2.jar;C:\Users\Vijay\.m2\repository\org\ccil\cowan\tagsoup\tagsoup\1.2.1\tagsoup-1.2.1.jar;C:\Users\Vijay\.m2\repository\io\rest-assured\json-path\5.3.1\json-path-5.3.1.jar;C:\Users\Vijay\.m2\repository\org\apache\groovy\groovy-json\4.0.11\groovy-json-4.0.11.jar;C:\Users\Vijay\.m2\repository\io\rest-assured\rest-assured-common\5.3.1\rest-assured-common-5.3.1.jar;C:\Users\Vijay\.m2\repository\io\rest-assured\xml-path\5.3.1\xml-path-5.3.1.jar;C:\Users\Vijay\.m2\repository\org\apache\cassandra\cassandra-all\4.0.8\cassandra-all-4.0.8.jar;C:\Users\Vijay\.m2\repository\org\xerial\snappy\snappy-java\1.1.2.6\snappy-java-1.1.2.6.jar;C:\Users\Vijay\.m2\repository\org\lz4\lz4-java\1.8.0\lz4-java-1.8.0.jar;C:\Users\Vijay\.m2\repository\commons-cli\commons-cli\1.1\commons-cli-1.1.jar;C:\Users\Vijay\.m2\repository\org\antlr\ST4\4.0.8\ST4-4.0.8.jar;C:\Users\Vijay\.m2\repository\org\antlr\antlr-runtime\3.5.2\antlr-runtime-3.5.2.jar;C:\Users\Vijay\.m2\repository\org\slf4j\log4j-over-slf4j\1.7.25\log4j-over-slf4j-1.7.25.jar;C:\Users\Vijay\.m2\repository\org\slf4j\jcl-over-slf4j\1.7.25\jcl-over-slf4j-1.7.25.jar;C:\Users\Vijay\.m2\repository\com\googlecode\json-simple\json-simple\1.1\json-simple-1.1.jar;C:\Users\Vijay\.m2\repository\com\boundary\high-scale-lib\1.0.6\high-scale-lib-1.0.6.jar;C:\Users\Vijay\.m2\repository\org\yaml\snakeyaml\1.26\snakeyaml-1.26.jar;C:\Users\Vijay\.m2\repository\org\mindrot\jbcrypt\0.4\jbcrypt-0.4.jar;C:\Users\Vijay\.m2\repository\io\airlift\airline\0.8\airline-0.8.jar;C:\Users\Vijay\.m2\repository\io\dropwizard\metrics\metrics-core\3.1.5\metrics-core-3.1.5.jar;C:\Users\Vijay\.m2\repository\io\dropwizard\metrics\metrics-jvm\3.1.5\metrics-jvm-3.1.5.jar;C:\Users\Vijay\.m2\repository\io\dropwizard\metrics\metrics-logback\3.1.5\metrics-logback-3.1.5.jar;C:\Users\Vijay\.m2\repository\com\addthis\metrics\reporter-config3\3.0.3\reporter-config3-3.0.3.jar;C:\Users\Vijay\.m2\repository\com\addthis\metrics\reporter-config-base\3.0.3\reporter-config-base-3.0.3.jar;C:\Users\Vijay\.m2\repository\com\clearspring\analytics\stream\2.5.2\stream-2.5.2.jar;C:\Users\Vijay\.m2\repository\ch\qos\logback\logback-core\1.2.9\logback-core-1.2.9.jar;C:\Users\Vijay\.m2\repository\ch\qos\logback\logback-classic\1.2.9\logback-classic-1.2.9.jar;C:\Users\Vijay\.m2\repository\com\github\jbellis\jamm\0.3.2\jamm-0.3.2.jar;C:\Users\Vijay\.m2\repository\io\netty\netty-all\4.1.58.Final\netty-all-4.1.58.Final.jar;C:\Users\Vijay\.m2\repository\net\openhft\chronicle-queue\5.20.123\chronicle-queue-5.20.123.jar;C:\Users\Vijay\.m2\repository\net\openhft\chronicle-core\2.20.126\chronicle-core-2.20.126.jar;C:\Users\Vijay\.m2\repository\net\openhft\chronicle-bytes\2.20.111\chronicle-bytes-2.20.111.jar;C:\Users\Vijay\.m2\repository\net\openhft\chronicle-wire\2.20.117\chronicle-wire-2.20.117.jar;C:\Users\Vijay\.m2\repository\net\openhft\chronicle-threads\2.20.111\chronicle-threads-2.20.111.jar;C:\Users\Vijay\.m2\repository\org\fusesource\sigar\1.6.4\sigar-1.6.4.jar;C:\Users\Vijay\.m2\repository\org\eclipse\jdt\core\compiler\ecj\4.6.1\ecj-4.6.1.jar;C:\Users\Vijay\.m2\repository\org\caffinitas\ohc\ohc-core\0.5.1\ohc-core-0.5.1.jar;C:\Users\Vijay\.m2\repository\org\caffinitas\ohc\ohc-core-j8\0.5.1\ohc-core-j8-0.5.1.jar;C:\Users\Vijay\.m2\repository\com\github\ben-manes\caffeine\caffeine\2.5.6\caffeine-2.5.6.jar;C:\Users\Vijay\.m2\repository\org\jctools\jctools-core\3.1.0\jctools-core-3.1.0.jar;C:\Users\Vijay\.m2\repository\org\ow2\asm\asm\7.1\asm-7.1.jar;C:\Users\Vijay\.m2\repository\com\carrotsearch\hppc\0.8.1\hppc-0.8.1.jar;C:\Users\Vijay\.m2\repository\org\gridkit\jvmtool\sjk-cli\0.14\sjk-cli-0.14.jar;C:\Users\Vijay\.m2\repository\org\gridkit\jvmtool\sjk-core\0.14\sjk-core-0.14.jar;C:\Users\Vijay\.m2\repository\org\gridkit\jvmtool\sjk-stacktrace\0.14\sjk-stacktrace-0.14.jar;C:\Users\Vijay\.m2\repository\org\gridkit\jvmtool\mxdump\0.14\mxdump-0.14.jar;C:\Users\Vijay\.m2\repository\org\gridkit\lab\jvm-attach-api\1.5\jvm-attach-api-1.5.jar;C:\Users\Vijay\.m2\repository\org\gridkit\jvmtool\sjk-json\0.14\sjk-json-0.14.jar;C:\Users\Vijay\.m2\repository\com\github\luben\zstd-jni\1.5.0-4\zstd-jni-1.5.0-4.jar;C:\Users\Vijay\.m2\repository\org\psjava\psjava\0.1.19\psjava-0.1.19.jar;C:\Users\Vijay\.m2\repository\io\netty\netty-tcnative-boringssl-static\2.0.36.Final\netty-tcnative-boringssl-static-2.0.36.Final.jar;C:\Users\Vijay\.m2\repository\javax\inject\javax.inject\1\javax.inject-1.jar;C:\Users\Vijay\.m2\repository\org\hdrhistogram\HdrHistogram\2.1.9\HdrHistogram-2.1.9.jar;C:\Users\Vijay\.m2\repository\de\jflex\jflex\1.8.2\jflex-1.8.2.jar;C:\Users\Vijay\.m2\repository\com\github\vbmacher\java-cup-runtime\11b-20160615\java-cup-runtime-11b-20160615.jar;C:\Users\Vijay\.m2\repository\com\github\rholder\snowball-stemmer\1.3.0.581.1\snowball-stemmer-1.3.0.581.1.jar;C:\Users\Vijay\.m2\repository\com\googlecode\concurrent-trees\concurrent-trees\2.4.0\concurrent-trees-2.4.0.jar;C:\Users\Vijay\.m2\repository\com\github\stephenc\monte\monte-screen-recorder\0.7.7.0\monte-screen-recorder-0.7.7.0.jar;C:\Users\Vijay\.m2\repository\com\squareup\okhttp3\okhttp\4.9.1\okhttp-4.9.1.jar;C:\Users\Vijay\.m2\repository\com\squareup\okio\okio\2.8.0\okio-2.8.0.jar;C:\Users\Vijay\.m2\repository\org\jetbrains\kotlin\kotlin-stdlib-common\1.4.0\kotlin-stdlib-common-1.4.0.jar;C:\Users\Vijay\.m2\repository\org\jetbrains\kotlin\kotlin-stdlib\1.4.10\kotlin-stdlib-1.4.10.jar;C:\Users\Vijay\.m2\repository\org\jetbrains\annotations\13.0\annotations-13.0.jar;C:\Users\Vijay\.m2\repository\com\testyantra\optimize\tyss-data-models\1.0-SNAPSHOT\tyss-data-models-1.0-SNAPSHOT.jar;C:\Users\Vijay\.m2\repository\software\amazon\awssdk\dynamodb\2.15.0\dynamodb-2.15.0.jar;C:\Users\Vijay\.m2\repository\software\amazon\awssdk\aws-json-protocol\2.15.0\aws-json-protocol-2.15.0.jar;C:\Users\Vijay\.m2\repository\software\amazon\awssdk\protocol-core\2.15.0\protocol-core-2.15.0.jar;C:\Users\Vijay\.m2\repository\software\amazon\awssdk\profiles\2.15.0\profiles-2.15.0.jar;C:\Users\Vijay\.m2\repository\software\amazon\awssdk\sdk-core\2.15.0\sdk-core-2.15.0.jar;C:\Users\Vijay\.m2\repository\software\amazon\awssdk\auth\2.15.0\auth-2.15.0.jar;C:\Users\Vijay\.m2\repository\software\amazon\eventstream\eventstream\1.0.1\eventstream-1.0.1.jar;C:\Users\Vijay\.m2\repository\software\amazon\awssdk\http-client-spi\2.15.0\http-client-spi-2.15.0.jar;C:\Users\Vijay\.m2\repository\software\amazon\awssdk\regions\2.15.0\regions-2.15.0.jar;C:\Users\Vijay\.m2\repository\software\amazon\awssdk\annotations\2.15.0\annotations-2.15.0.jar;C:\Users\Vijay\.m2\repository\software\amazon\awssdk\utils\2.15.0\utils-2.15.0.jar;C:\Users\Vijay\.m2\repository\software\amazon\awssdk\aws-core\2.15.0\aws-core-2.15.0.jar;C:\Users\Vijay\.m2\repository\software\amazon\awssdk\metrics-spi\2.15.0\metrics-spi-2.15.0.jar;C:\Users\Vijay\.m2\repository\software\amazon\awssdk\apache-client\2.15.0\apache-client-2.15.0.jar;C:\Users\Vijay\.m2\repository\software\amazon\awssdk\netty-nio-client\2.15.0\netty-nio-client-2.15.0.jar;C:\Users\Vijay\.m2\repository\io\netty\netty-codec-http2\4.1.46.Final\netty-codec-http2-4.1.46.Final.jar;C:\Users\Vijay\.m2\repository\com\typesafe\netty\netty-reactive-streams-http\2.0.4\netty-reactive-streams-http-2.0.4.jar;C:\Users\Vijay\.m2\repository\software\amazon\awssdk\iam\2.15.0\iam-2.15.0.jar;C:\Users\Vijay\.m2\repository\software\amazon\awssdk\aws-query-protocol\2.15.0\aws-query-protocol-2.15.0.jar;C:\Users\Vijay\.m2\repository\software\amazon\awssdk\kinesis\2.15.0\kinesis-2.15.0.jar;C:\Users\Vijay\.m2\repository\software\amazon\awssdk\aws-cbor-protocol\2.15.0\aws-cbor-protocol-2.15.0.jar;C:\Users\Vijay\.m2\repository\com\fasterxml\jackson\dataformat\jackson-dataformat-cbor\2.10.4\jackson-dataformat-cbor-2.10.4.jar;C:\Users\Vijay\.m2\repository\software\amazon\awssdk\s3\2.15.0\s3-2.15.0.jar;C:\Users\Vijay\.m2\repository\software\amazon\awssdk\aws-xml-protocol\2.15.0\aws-xml-protocol-2.15.0.jar;C:\Users\Vijay\.m2\repository\software\amazon\awssdk\arns\2.15.0\arns-2.15.0.jar;C:\Users\Vijay\.m2\repository\com\testyantra\optimize\tyss-common\1.0-SNAPSHOT\tyss-common-1.0-SNAPSHOT.jar;C:\Users\Vijay\.m2\repository\org\springframework\data\spring-data-mongodb\3.1.6\spring-data-mongodb-3.1.6.jar;C:\Users\Vijay\.m2\repository\org\springframework\spring-tx\5.3.5\spring-tx-5.3.5.jar;C:\Users\Vijay\.m2\repository\org\springframework\data\spring-data-commons\2.4.6\spring-data-commons-2.4.6.jar;C:\Users\Vijay\.m2\repository\org\mongodb\mongodb-driver-core\4.1.2\mongodb-driver-core-4.1.2.jar;C:\Users\Vijay\.m2\repository\javax\validation\validation-api\2.0.1.Final\validation-api-2.0.1.Final.jar;C:\Users\Vijay\.m2\repository\org\aspectj\aspectjweaver\1.9.6\aspectjweaver-1.9.6.jar;C:\Users\Vijay\.m2\repository\org\apache\commons\commons-text\1.9\commons-text-1.9.jar;C:\Users\Vijay\.m2\repository\org\apache\httpcomponents\httpcore\4.4.14\httpcore-4.4.14.jar;C:\Users\Vijay\.m2\repository\org\springframework\security\spring-security-core\5.2.2.RELEASE\spring-security-core-5.2.2.RELEASE.jar;C:\Users\Vijay\.m2\repository\org\springframework\spring-aop\5.2.3.RELEASE\spring-aop-5.2.3.RELEASE.jar;C:\Users\Vijay\.m2\repository\org\springframework\spring-beans\5.2.3.RELEASE\spring-beans-5.2.3.RELEASE.jar;C:\Users\Vijay\.m2\repository\org\springframework\spring-context\5.2.3.RELEASE\spring-context-5.2.3.RELEASE.jar;C:\Users\Vijay\.m2\repository\org\springframework\spring-core\5.2.3.RELEASE\spring-core-5.2.3.RELEASE.jar;C:\Users\Vijay\.m2\repository\org\springframework\spring-jcl\5.2.3.RELEASE\spring-jcl-5.2.3.RELEASE.jar;C:\Users\Vijay\.m2\repository\org\springframework\spring-expression\5.2.3.RELEASE\spring-expression-5.2.3.RELEASE.jar;C:\Users\Vijay\.m2\repository\org\springframework\security\oauth\spring-security-oauth2\2.5.1.RELEASE\spring-security-oauth2-2.5.1.RELEASE.jar;C:\Users\Vijay\.m2\repository\org\springframework\spring-webmvc\4.3.30.RELEASE\spring-webmvc-4.3.30.RELEASE.jar;C:\Users\Vijay\.m2\repository\org\springframework\spring-web\4.3.30.RELEASE\spring-web-4.3.30.RELEASE.jar;C:\Users\Vijay\.m2\repository\org\springframework\security\spring-security-config\4.2.20.RELEASE\spring-security-config-4.2.20.RELEASE.jar;C:\Users\Vijay\.m2\repository\aopalliance\aopalliance\1.0\aopalliance-1.0.jar;C:\Users\Vijay\.m2\repository\org\springframework\security\spring-security-web\4.2.20.RELEASE\spring-security-web-4.2.20.RELEASE.jar;C:\Users\Vijay\.m2\repository\io\swagger\swagger-annotations\1.5.20\swagger-annotations-1.5.20.jar;C:\Users\Vijay\.m2\repository\eu\agno3\jcifs\jcifs-ng\2.1.5\jcifs-ng-2.1.5.jar;C:\Users\Vijay\.m2\repository\org\bouncycastle\bcprov-jdk15on\1.66\bcprov-jdk15on-1.66.jar;C:\Users\Vijay\.m2\repository\org\seleniumhq\selenium\selenium-opera-driver\4.1.2\selenium-opera-driver-4.1.2.jar;C:\Users\Vijay\.m2\repository\com\google\auto\service\auto-service\1.0.1\auto-service-1.0.1.jar;C:\Users\Vijay\.m2\repository\com\google\auto\auto-common\1.2\auto-common-1.2.jar;C:\Users\Vijay\.m2\repository\org\mongodb\bson\4.2.3\bson-4.2.3.jar;C:\Users\Vijay\.m2\repository\org\apache\poi\poi-ooxml-schemas\4.1.1\poi-ooxml-schemas-4.1.1.jar;C:\Users\Vijay\.m2\repository\com\testyantra\optimize\tyss-config\1.0-SNAPSHOT\tyss-config-1.0-SNAPSHOT.jar;C:\Users\Vijay\.m2\repository\org\keycloak\keycloak-spring-boot-starter\18.0.2\keycloak-spring-boot-starter-18.0.2.jar;C:\Users\Vijay\.m2\repository\org\keycloak\keycloak-spring-boot-2-adapter\18.0.2\keycloak-spring-boot-2-adapter-18.0.2.jar;C:\Users\Vijay\.m2\repository\org\keycloak\keycloak-spring-boot-adapter-core\18.0.2\keycloak-spring-boot-adapter-core-18.0.2.jar;C:\Users\Vijay\.m2\repository\org\springframework\boot\spring-boot-starter-web\2.0.5.RELEASE\spring-boot-starter-web-2.0.5.RELEASE.jar;C:\Users\Vijay\.m2\repository\org\springframework\boot\spring-boot-starter-json\2.0.5.RELEASE\spring-boot-starter-json-2.0.5.RELEASE.jar;C:\Users\Vijay\.m2\repository\com\fasterxml\jackson\datatype\jackson-datatype-jdk8\2.9.6\jackson-datatype-jdk8-2.9.6.jar;C:\Users\Vijay\.m2\repository\com\fasterxml\jackson\datatype\jackson-datatype-jsr310\2.9.6\jackson-datatype-jsr310-2.9.6.jar;C:\Users\Vijay\.m2\repository\com\fasterxml\jackson\module\jackson-module-parameter-names\2.9.6\jackson-module-parameter-names-2.9.6.jar;C:\Users\Vijay\.m2\repository\org\springframework\boot\spring-boot-starter-tomcat\2.0.5.RELEASE\spring-boot-starter-tomcat-2.0.5.RELEASE.jar;C:\Users\Vijay\.m2\repository\org\apache\tomcat\embed\tomcat-embed-core\8.5.34\tomcat-embed-core-8.5.34.jar;C:\Users\Vijay\.m2\repository\org\apache\tomcat\embed\tomcat-embed-el\8.5.34\tomcat-embed-el-8.5.34.jar;C:\Users\Vijay\.m2\repository\org\apache\tomcat\embed\tomcat-embed-websocket\8.5.34\tomcat-embed-websocket-8.5.34.jar;C:\Users\Vijay\.m2\repository\org\hibernate\validator\hibernate-validator\6.0.12.Final\hibernate-validator-6.0.12.Final.jar;C:\Users\Vijay\.m2\repository\com\fasterxml\classmate\1.3.4\classmate-1.3.4.jar;C:\Users\Vijay\.m2\repository\org\keycloak\keycloak-authz-client\18.0.2\keycloak-authz-client-18.0.2.jar;C:\Users\Vijay\.m2\repository\org\springframework\boot\spring-boot-starter\2.0.3.RELEASE\spring-boot-starter-2.0.3.RELEASE.jar;C:\Users\Vijay\.m2\repository\org\springframework\boot\spring-boot\2.0.3.RELEASE\spring-boot-2.0.3.RELEASE.jar;C:\Users\Vijay\.m2\repository\org\springframework\boot\spring-boot-autoconfigure\2.0.3.RELEASE\spring-boot-autoconfigure-2.0.3.RELEASE.jar;C:\Users\Vijay\.m2\repository\org\springframework\boot\spring-boot-starter-logging\2.0.3.RELEASE\spring-boot-starter-logging-2.0.3.RELEASE.jar;C:\Users\Vijay\.m2\repository\org\apache\logging\log4j\log4j-to-slf4j\2.10.0\log4j-to-slf4j-2.10.0.jar;C:\Users\Vijay\.m2\repository\org\slf4j\jul-to-slf4j\1.7.25\jul-to-slf4j-1.7.25.jar;C:\Users\Vijay\.m2\repository\javax\annotation\javax.annotation-api\1.3.2\javax.annotation-api-1.3.2.jar;C:\Users\Vijay\.m2\repository\org\keycloak\spring-boot-container-bundle\18.0.2\spring-boot-container-bundle-18.0.2.jar;C:\Users\Vijay\.m2\repository\org\springframework\boot\spring-boot-starter-security\2.2.6.RELEASE\spring-boot-starter-security-2.2.6.RELEASE.jar;C:\Users\Vijay\.m2\repository\org\keycloak\keycloak-spring-security-adapter\18.0.2\keycloak-spring-security-adapter-18.0.2.jar;C:\Users\Vijay\.m2\repository\org\keycloak\keycloak-core\18.0.2\keycloak-core-18.0.2.jar;C:\Users\Vijay\.m2\repository\org\keycloak\keycloak-common\18.0.2\keycloak-common-18.0.2.jar;C:\Users\Vijay\.m2\repository\org\bouncycastle\bcpkix-jdk15on\1.68\bcpkix-jdk15on-1.68.jar;C:\Users\Vijay\.m2\repository\org\keycloak\keycloak-adapter-spi\18.0.2\keycloak-adapter-spi-18.0.2.jar;C:\Users\Vijay\.m2\repository\org\keycloak\keycloak-adapter-core\18.0.2\keycloak-adapter-core-18.0.2.jar;C:\Users\Vijay\.m2\repository\org\springframework\security\spring-security-oauth2-resource-server\5.2.2.RELEASE\spring-security-oauth2-resource-server-5.2.2.RELEASE.jar;C:\Users\Vijay\.m2\repository\org\springframework\security\spring-security-oauth2-core\5.2.2.RELEASE\spring-security-oauth2-core-5.2.2.RELEASE.jar;C:\Users\Vijay\.m2\repository\org\mongodb\mongodb-driver\3.12.7\mongodb-driver-3.12.7.jar;C:\Users\Vijay\.m2\repository\org\springframework\cloud\spring-cloud-starter-oauth2\2.2.4.RELEASE\spring-cloud-starter-oauth2-2.2.4.RELEASE.jar;C:\Users\Vijay\.m2\repository\org\springframework\cloud\spring-cloud-starter-security\2.2.4.RELEASE\spring-cloud-starter-security-2.2.4.RELEASE.jar;C:\Users\Vijay\.m2\repository\org\springframework\cloud\spring-cloud-starter\2.2.4.RELEASE\spring-cloud-starter-2.2.4.RELEASE.jar;C:\Users\Vijay\.m2\repository\org\springframework\cloud\spring-cloud-context\2.2.4.RELEASE\spring-cloud-context-2.2.4.RELEASE.jar;C:\Users\Vijay\.m2\repository\org\springframework\security\spring-security-crypto\5.3.3.RELEASE\spring-security-crypto-5.3.3.RELEASE.jar;C:\Users\Vijay\.m2\repository\org\springframework\cloud\spring-cloud-commons\2.2.4.RELEASE\spring-cloud-commons-2.2.4.RELEASE.jar;C:\Users\Vijay\.m2\repository\org\springframework\security\spring-security-rsa\1.0.9.RELEASE\spring-security-rsa-1.0.9.RELEASE.jar;C:\Users\Vijay\.m2\repository\org\springframework\boot\spring-boot-starter-actuator\2.3.2.RELEASE\spring-boot-starter-actuator-2.3.2.RELEASE.jar;C:\Users\Vijay\.m2\repository\org\springframework\boot\spring-boot-actuator-autoconfigure\2.3.2.RELEASE\spring-boot-actuator-autoconfigure-2.3.2.RELEASE.jar;C:\Users\Vijay\.m2\repository\org\springframework\boot\spring-boot-actuator\2.3.2.RELEASE\spring-boot-actuator-2.3.2.RELEASE.jar;C:\Users\Vijay\.m2\repository\io\micrometer\micrometer-core\1.5.3\micrometer-core-1.5.3.jar;C:\Users\Vijay\.m2\repository\org\latencyutils\LatencyUtils\2.0.3\LatencyUtils-2.0.3.jar;C:\Users\Vijay\.m2\repository\org\springframework\cloud\spring-cloud-security\2.2.4.RELEASE\spring-cloud-security-2.2.4.RELEASE.jar;C:\Users\Vijay\.m2\repository\org\springframework\security\oauth\boot\spring-security-oauth2-autoconfigure\2.1.2.RELEASE\spring-security-oauth2-autoconfigure-2.1.2.RELEASE.jar;C:\Users\Vijay\.m2\repository\com\sun\xml\bind\jaxb-core\2.3.0.1\jaxb-core-2.3.0.1.jar;C:\Users\Vijay\.m2\repository\com\sun\xml\bind\jaxb-impl\2.3.0.1\jaxb-impl-2.3.0.1.jar;C:\Users\Vijay\.m2\repository\org\springframework\security\spring-security-jwt\1.0.9.RELEASE\spring-security-jwt-1.0.9.RELEASE.jar;C:\Users\Vijay\.m2\repository\javax\activation\javax.activation-api\1.2.0\javax.activation-api-1.2.0.jar;C:\Users\Vijay\.m2\repository\javax\xml\bind\jaxb-api\2.3.1\jaxb-api-2.3.1.jar;C:\Users\Vijay\.m2\repository\org\apache\kafka\kafka-clients\2.3.1\kafka-clients-2.3.1.jar;C:\Users\Vijay\.m2\repository\com\amazonaws\aws-java-sdk\1.11.163\aws-java-sdk-1.11.163.jar;C:\Users\Vijay\.m2\repository\com\amazonaws\aws-java-sdk-dax\1.11.163\aws-java-sdk-dax-1.11.163.jar;C:\Users\Vijay\.m2\repository\com\amazonaws\jmespath-java\1.11.163\jmespath-java-1.11.163.jar;C:\Users\Vijay\.m2\repository\com\amazonaws\aws-java-sdk-greengrass\1.11.163\aws-java-sdk-greengrass-1.11.163.jar;C:\Users\Vijay\.m2\repository\com\amazonaws\aws-java-sdk-athena\1.11.163\aws-java-sdk-athena-1.11.163.jar;C:\Users\Vijay\.m2\repository\com\amazonaws\aws-java-sdk-marketplaceentitlement\1.11.163\aws-java-sdk-marketplaceentitlement-1.11.163.jar;C:\Users\Vijay\.m2\repository\com\amazonaws\aws-java-sdk-codestar\1.11.163\aws-java-sdk-codestar-1.11.163.jar;C:\Users\Vijay\.m2\repository\com\amazonaws\aws-java-sdk-lexmodelbuilding\1.11.163\aws-java-sdk-lexmodelbuilding-1.11.163.jar;C:\Users\Vijay\.m2\repository\com\amazonaws\aws-java-sdk-resourcegroupstaggingapi\1.11.163\aws-java-sdk-resourcegroupstaggingapi-1.11.163.jar;C:\Users\Vijay\.m2\repository\com\amazonaws\aws-java-sdk-pinpoint\1.11.163\aws-java-sdk-pinpoint-1.11.163.jar;C:\Users\Vijay\.m2\repository\com\amazonaws\aws-java-sdk-xray\1.11.163\aws-java-sdk-xray-1.11.163.jar;C:\Users\Vijay\.m2\repository\com\amazonaws\aws-java-sdk-opsworkscm\1.11.163\aws-java-sdk-opsworkscm-1.11.163.jar;C:\Users\Vijay\.m2\repository\com\amazonaws\aws-java-sdk-support\1.11.163\aws-java-sdk-support-1.11.163.jar;C:\Users\Vijay\.m2\repository\com\amazonaws\aws-java-sdk-simpledb\1.11.163\aws-java-sdk-simpledb-1.11.163.jar;C:\Users\Vijay\.m2\repository\com\amazonaws\aws-java-sdk-servicecatalog\1.11.163\aws-java-sdk-servicecatalog-1.11.163.jar;C:\Users\Vijay\.m2\repository\com\amazonaws\aws-java-sdk-servermigration\1.11.163\aws-java-sdk-servermigration-1.11.163.jar;C:\Users\Vijay\.m2\repository\com\amazonaws\aws-java-sdk-simpleworkflow\1.11.163\aws-java-sdk-simpleworkflow-1.11.163.jar;C:\Users\Vijay\.m2\repository\com\amazonaws\aws-java-sdk-storagegateway\1.11.163\aws-java-sdk-storagegateway-1.11.163.jar;C:\Users\Vijay\.m2\repository\com\amazonaws\aws-java-sdk-route53\1.11.163\aws-java-sdk-route53-1.11.163.jar;C:\Users\Vijay\.m2\repository\com\amazonaws\aws-java-sdk-s3\1.11.163\aws-java-sdk-s3-1.11.163.jar;C:\Users\Vijay\.m2\repository\com\amazonaws\aws-java-sdk-importexport\1.11.163\aws-java-sdk-importexport-1.11.163.jar;C:\Users\Vijay\.m2\repository\com\amazonaws\aws-java-sdk-sts\1.11.163\aws-java-sdk-sts-1.11.163.jar;C:\Users\Vijay\.m2\repository\com\amazonaws\aws-java-sdk-sqs\1.11.163\aws-java-sdk-sqs-1.11.163.jar;C:\Users\Vijay\.m2\repository\com\amazonaws\aws-java-sdk-rds\1.11.163\aws-java-sdk-rds-1.11.163.jar;C:\Users\Vijay\.m2\repository\com\amazonaws\aws-java-sdk-redshift\1.11.163\aws-java-sdk-redshift-1.11.163.jar;C:\Users\Vijay\.m2\repository\com\amazonaws\aws-java-sdk-elasticbeanstalk\1.11.163\aws-java-sdk-elasticbeanstalk-1.11.163.jar;C:\Users\Vijay\.m2\repository\com\amazonaws\aws-java-sdk-glacier\1.11.163\aws-java-sdk-glacier-1.11.163.jar;C:\Users\Vijay\.m2\repository\com\amazonaws\aws-java-sdk-iam\1.11.163\aws-java-sdk-iam-1.11.163.jar;C:\Users\Vijay\.m2\repository\com\amazonaws\aws-java-sdk-datapipeline\1.11.163\aws-java-sdk-datapipeline-1.11.163.jar;C:\Users\Vijay\.m2\repository\com\amazonaws\aws-java-sdk-elasticloadbalancing\1.11.163\aws-java-sdk-elasticloadbalancing-1.11.163.jar;C:\Users\Vijay\.m2\repository\com\amazonaws\aws-java-sdk-elasticloadbalancingv2\1.11.163\aws-java-sdk-elasticloadbalancingv2-1.11.163.jar;C:\Users\Vijay\.m2\repository\com\amazonaws\aws-java-sdk-emr\1.11.163\aws-java-sdk-emr-1.11.163.jar;C:\Users\Vijay\.m2\repository\com\amazonaws\aws-java-sdk-elasticache\1.11.163\aws-java-sdk-elasticache-1.11.163.jar;C:\Users\Vijay\.m2\repository\com\amazonaws\aws-java-sdk-elastictranscoder\1.11.163\aws-java-sdk-elastictranscoder-1.11.163.jar;C:\Users\Vijay\.m2\repository\com\amazonaws\aws-java-sdk-ec2\1.11.163\aws-java-sdk-ec2-1.11.163.jar;C:\Users\Vijay\.m2\repository\com\amazonaws\aws-java-sdk-dynamodb\1.11.163\aws-java-sdk-dynamodb-1.11.163.jar;C:\Users\Vijay\.m2\repository\com\amazonaws\aws-java-sdk-sns\1.11.163\aws-java-sdk-sns-1.11.163.jar;C:\Users\Vijay\.m2\repository\com\amazonaws\aws-java-sdk-budgets\1.11.163\aws-java-sdk-budgets-1.11.163.jar;C:\Users\Vijay\.m2\repository\com\amazonaws\aws-java-sdk-cloudtrail\1.11.163\aws-java-sdk-cloudtrail-1.11.163.jar;C:\Users\Vijay\.m2\repository\com\amazonaws\aws-java-sdk-cloudwatch\1.11.163\aws-java-sdk-cloudwatch-1.11.163.jar;C:\Users\Vijay\.m2\repository\com\amazonaws\aws-java-sdk-logs\1.11.163\aws-java-sdk-logs-1.11.163.jar;C:\Users\Vijay\.m2\repository\com\amazonaws\aws-java-sdk-events\1.11.163\aws-java-sdk-events-1.11.163.jar;C:\Users\Vijay\.m2\repository\com\amazonaws\aws-java-sdk-cognitoidentity\1.11.163\aws-java-sdk-cognitoidentity-1.11.163.jar;C:\Users\Vijay\.m2\repository\com\amazonaws\aws-java-sdk-cognitosync\1.11.163\aws-java-sdk-cognitosync-1.11.163.jar;C:\Users\Vijay\.m2\repository\com\amazonaws\aws-java-sdk-directconnect\1.11.163\aws-java-sdk-directconnect-1.11.163.jar;C:\Users\Vijay\.m2\repository\com\amazonaws\aws-java-sdk-cloudformation\1.11.163\aws-java-sdk-cloudformation-1.11.163.jar;C:\Users\Vijay\.m2\repository\com\amazonaws\aws-java-sdk-cloudfront\1.11.163\aws-java-sdk-cloudfront-1.11.163.jar;C:\Users\Vijay\.m2\repository\com\amazonaws\aws-java-sdk-clouddirectory\1.11.163\aws-java-sdk-clouddirectory-1.11.163.jar;C:\Users\Vijay\.m2\repository\com\amazonaws\aws-java-sdk-kinesis\1.11.163\aws-java-sdk-kinesis-1.11.163.jar;C:\Users\Vijay\.m2\repository\com\amazonaws\aws-java-sdk-opsworks\1.11.163\aws-java-sdk-opsworks-1.11.163.jar;C:\Users\Vijay\.m2\repository\com\amazonaws\aws-java-sdk-ses\1.11.163\aws-java-sdk-ses-1.11.163.jar;C:\Users\Vijay\.m2\repository\com\amazonaws\aws-java-sdk-autoscaling\1.11.163\aws-java-sdk-autoscaling-1.11.163.jar;C:\Users\Vijay\.m2\repository\com\amazonaws\aws-java-sdk-cloudsearch\1.11.163\aws-java-sdk-cloudsearch-1.11.163.jar;C:\Users\Vijay\.m2\repository\com\amazonaws\aws-java-sdk-cloudwatchmetrics\1.11.163\aws-java-sdk-cloudwatchmetrics-1.11.163.jar;C:\Users\Vijay\.m2\repository\com\amazonaws\aws-java-sdk-codedeploy\1.11.163\aws-java-sdk-codedeploy-1.11.163.jar;C:\Users\Vijay\.m2\repository\com\amazonaws\aws-java-sdk-codepipeline\1.11.163\aws-java-sdk-codepipeline-1.11.163.jar;C:\Users\Vijay\.m2\repository\com\amazonaws\aws-java-sdk-kms\1.11.163\aws-java-sdk-kms-1.11.163.jar;C:\Users\Vijay\.m2\repository\com\amazonaws\aws-java-sdk-config\1.11.163\aws-java-sdk-config-1.11.163.jar;C:\Users\Vijay\.m2\repository\com\amazonaws\aws-java-sdk-lambda\1.11.163\aws-java-sdk-lambda-1.11.163.jar;C:\Users\Vijay\.m2\repository\com\amazonaws\aws-java-sdk-ecs\1.11.163\aws-java-sdk-ecs-1.11.163.jar;C:\Users\Vijay\.m2\repository\com\amazonaws\aws-java-sdk-ecr\1.11.163\aws-java-sdk-ecr-1.11.163.jar;C:\Users\Vijay\.m2\repository\com\amazonaws\aws-java-sdk-cloudhsm\1.11.163\aws-java-sdk-cloudhsm-1.11.163.jar;C:\Users\Vijay\.m2\repository\com\amazonaws\aws-java-sdk-ssm\1.11.163\aws-java-sdk-ssm-1.11.163.jar;C:\Users\Vijay\.m2\repository\com\amazonaws\aws-java-sdk-workspaces\1.11.163\aws-java-sdk-workspaces-1.11.163.jar;C:\Users\Vijay\.m2\repository\com\amazonaws\aws-java-sdk-machinelearning\1.11.163\aws-java-sdk-machinelearning-1.11.163.jar;C:\Users\Vijay\.m2\repository\com\amazonaws\aws-java-sdk-directory\1.11.163\aws-java-sdk-directory-1.11.163.jar;C:\Users\Vijay\.m2\repository\com\amazonaws\aws-java-sdk-efs\1.11.163\aws-java-sdk-efs-1.11.163.jar;C:\Users\Vijay\.m2\repository\com\amazonaws\aws-java-sdk-codecommit\1.11.163\aws-java-sdk-codecommit-1.11.163.jar;C:\Users\Vijay\.m2\repository\com\amazonaws\aws-java-sdk-devicefarm\1.11.163\aws-java-sdk-devicefarm-1.11.163.jar;C:\Users\Vijay\.m2\repository\com\amazonaws\aws-java-sdk-elasticsearch\1.11.163\aws-java-sdk-elasticsearch-1.11.163.jar;C:\Users\Vijay\.m2\repository\com\amazonaws\aws-java-sdk-waf\1.11.163\aws-java-sdk-waf-1.11.163.jar;C:\Users\Vijay\.m2\repository\com\amazonaws\aws-java-sdk-marketplacecommerceanalytics\1.11.163\aws-java-sdk-marketplacecommerceanalytics-1.11.163.jar;C:\Users\Vijay\.m2\repository\com\amazonaws\aws-java-sdk-inspector\1.11.163\aws-java-sdk-inspector-1.11.163.jar;C:\Users\Vijay\.m2\repository\com\amazonaws\aws-java-sdk-iot\1.11.163\aws-java-sdk-iot-1.11.163.jar;C:\Users\Vijay\.m2\repository\com\amazonaws\aws-java-sdk-api-gateway\1.11.163\aws-java-sdk-api-gateway-1.11.163.jar;C:\Users\Vijay\.m2\repository\com\amazonaws\aws-java-sdk-acm\1.11.163\aws-java-sdk-acm-1.11.163.jar;C:\Users\Vijay\.m2\repository\com\amazonaws\aws-java-sdk-gamelift\1.11.163\aws-java-sdk-gamelift-1.11.163.jar;C:\Users\Vijay\.m2\repository\com\amazonaws\aws-java-sdk-dms\1.11.163\aws-java-sdk-dms-1.11.163.jar;C:\Users\Vijay\.m2\repository\com\amazonaws\aws-java-sdk-marketplacemeteringservice\1.11.163\aws-java-sdk-marketplacemeteringservice-1.11.163.jar;C:\Users\Vijay\.m2\repository\com\amazonaws\aws-java-sdk-cognitoidp\1.11.163\aws-java-sdk-cognitoidp-1.11.163.jar;C:\Users\Vijay\.m2\repository\com\amazonaws\aws-java-sdk-discovery\1.11.163\aws-java-sdk-discovery-1.11.163.jar;C:\Users\Vijay\.m2\repository\com\amazonaws\aws-java-sdk-applicationautoscaling\1.11.163\aws-java-sdk-applicationautoscaling-1.11.163.jar;C:\Users\Vijay\.m2\repository\com\amazonaws\aws-java-sdk-snowball\1.11.163\aws-java-sdk-snowball-1.11.163.jar;C:\Users\Vijay\.m2\repository\com\amazonaws\aws-java-sdk-rekognition\1.11.163\aws-java-sdk-rekognition-1.11.163.jar;C:\Users\Vijay\.m2\repository\com\amazonaws\aws-java-sdk-polly\1.11.163\aws-java-sdk-polly-1.11.163.jar;C:\Users\Vijay\.m2\repository\com\amazonaws\aws-java-sdk-lightsail\1.11.163\aws-java-sdk-lightsail-1.11.163.jar;C:\Users\Vijay\.m2\repository\com\amazonaws\aws-java-sdk-stepfunctions\1.11.163\aws-java-sdk-stepfunctions-1.11.163.jar;C:\Users\Vijay\.m2\repository\com\amazonaws\aws-java-sdk-health\1.11.163\aws-java-sdk-health-1.11.163.jar;C:\Users\Vijay\.m2\repository\com\amazonaws\aws-java-sdk-costandusagereport\1.11.163\aws-java-sdk-costandusagereport-1.11.163.jar;C:\Users\Vijay\.m2\repository\com\amazonaws\aws-java-sdk-codebuild\1.11.163\aws-java-sdk-codebuild-1.11.163.jar;C:\Users\Vijay\.m2\repository\com\amazonaws\aws-java-sdk-appstream\1.11.163\aws-java-sdk-appstream-1.11.163.jar;C:\Users\Vijay\.m2\repository\com\amazonaws\aws-java-sdk-shield\1.11.163\aws-java-sdk-shield-1.11.163.jar;C:\Users\Vijay\.m2\repository\com\amazonaws\aws-java-sdk-batch\1.11.163\aws-java-sdk-batch-1.11.163.jar;C:\Users\Vijay\.m2\repository\com\amazonaws\aws-java-sdk-lex\1.11.163\aws-java-sdk-lex-1.11.163.jar;C:\Users\Vijay\.m2\repository\com\amazonaws\aws-java-sdk-mechanicalturkrequester\1.11.163\aws-java-sdk-mechanicalturkrequester-1.11.163.jar;C:\Users\Vijay\.m2\repository\com\amazonaws\aws-java-sdk-organizations\1.11.163\aws-java-sdk-organizations-1.11.163.jar;C:\Users\Vijay\.m2\repository\com\amazonaws\aws-java-sdk-workdocs\1.11.163\aws-java-sdk-workdocs-1.11.163.jar;C:\Users\Vijay\.m2\repository\com\amazonaws\aws-java-sdk-core\1.11.163\aws-java-sdk-core-1.11.163.jar;C:\Users\Vijay\.m2\repository\software\amazon\ion\ion-java\1.0.2\ion-java-1.0.2.jar;C:\Users\Vijay\.m2\repository\joda-time\joda-time\2.8.1\joda-time-2.8.1.jar;C:\Users\Vijay\.m2\repository\com\amazonaws\aws-java-sdk-models\1.11.163\aws-java-sdk-models-1.11.163.jar;C:\Users\Vijay\.m2\repository\com\amazonaws\aws-java-sdk-swf-libraries\1.11.22\aws-java-sdk-swf-libraries-1.11.22.jar;C:\Users\Vijay\.m2\repository\io\burt\jmespath-core\0.5.0\jmespath-core-0.5.0.jar;C:\Users\Vijay\.m2\repository\io\burt\jmespath-jackson\0.5.0\jmespath-jackson-0.5.0.jar;C:\Users\Vijay\.m2\repository\org\springframework\integration\spring-integration-smb\1.2.2.RELEASE\spring-integration-smb-1.2.2.RELEASE.jar;C:\Users\Vijay\.m2\repository\org\codelibs\jcifs\2.1.29\jcifs-2.1.29.jar;C:\Users\Vijay\.m2\repository\org\springframework\integration\spring-integration-file\5.3.10.RELEASE\spring-integration-file-5.3.10.RELEASE.jar;C:\Users\Vijay\.m2\repository\org\springframework\integration\spring-integration-core\5.3.10.RELEASE\spring-integration-core-5.3.10.RELEASE.jar;C:\Users\Vijay\.m2\repository\org\springframework\spring-messaging\5.2.19.RELEASE\spring-messaging-5.2.19.RELEASE.jar;C:\Users\Vijay\.m2\repository\org\springframework\retry\spring-retry\1.2.5.RELEASE\spring-retry-1.2.5.RELEASE.jar;C:\Users\Vijay\.m2\repository\io\projectreactor\reactor-core\3.3.22.RELEASE\reactor-core-3.3.22.RELEASE.jar;"/>
    <property name="sun.cpu.endian" value="little"/>
    <property name="user.home" value="C:\Users\Vijay"/>
    <property name="user.language" value="en"/>
    <property name="java.specification.vendor" value="Oracle Corporation"/>
    <property name="java.version.date" value="2022-04-19"/>
    <property name="java.home" value="C:\Program Files\Java\jdk-11.0.15"/>
    <property name="file.separator" value="\"/>
    <property name="basedir" value="C:\MyEclipse\My Automation"/>
    <property name="java.vm.compressedOopsMode" value="32-bit"/>
    <property name="line.separator" value="&#10;"/>
    <property name="java.specification.name" value="Java Platform API Specification"/>
    <property name="java.vm.specification.vendor" value="Oracle Corporation"/>
    <property name="java.awt.graphicsenv" value="sun.awt.Win32GraphicsEnvironment"/>
    <property name="surefire.real.class.path" value="C:\Users\Vijay\AppData\Local\Temp\surefire10210598640907210014\surefirebooter-20230830184612300_3.jar"/>
    <property name="user.script" value=""/>
    <property name="sun.management.compiler" value="HotSpot 64-Bit Tiered Compilers"/>
    <property name="java.runtime.version" value="11.0.15+8-LTS-149"/>
    <property name="user.name" value="Vijay"/>
    <property name="path.separator" value=";"/>
    <property name="os.version" value="10.0"/>
    <property name="java.runtime.name" value="Java(TM) SE Runtime Environment"/>
    <property name="file.encoding" value="Cp1252"/>
    <property name="java.vm.name" value="Java HotSpot(TM) 64-Bit Server VM"/>
    <property name="java.vendor.version" value="18.9"/>
    <property name="localRepository" value="C:\Users\Vijay\.m2\repository"/>
    <property name="java.vendor.url.bug" value="https://bugreport.java.com/bugreport/"/>
    <property name="java.io.tmpdir" value="C:\Users\Vijay\AppData\Local\Temp\"/>
    <property name="idea.version" value="2023.2"/>
    <property name="java.version" value="11.0.15"/>
    <property name="user.dir" value="C:\MyEclipse\My Automation"/>
    <property name="os.arch" value="amd64"/>
    <property name="java.vm.specification.name" value="Java Virtual Machine Specification"/>
    <property name="java.awt.printerjob" value="sun.awt.windows.WPrinterJob"/>
    <property name="sun.os.patch.level" value=""/>
    <property name="java.library.path" value="C:\Program Files\Java\jdk-11.0.15\bin;C:\WINDOWS\Sun\Java\bin;C:\WINDOWS\system32;C:\WINDOWS;C:\Program Files (x86)\Common Files\Oracle\Java\javapath;C:\WINDOWS\system32;C:\WINDOWS;C:\WINDOWS\System32\Wbem;C:\WINDOWS\System32\WindowsPowerShell\v1.0\;C:\WINDOWS\System32\OpenSSH\;C:\Program Files\Java\jdk-11.0.15\bin;C:\Program Files\nodejs\;C:\Users\Vijay\AppData\Local\Android\Sdk\build-tools;C:\Users\Vijay\AppData\Local\Android\Sdk\platform-tools;C:\Program Files\Android\Android Studio\bin;C:\Users\Vijay\AppData\Local\Android\Sdk\tools;C:\Users\Vijay\AppData\Local\Android\Sdk\tools\bin;C:\Program Files\nodejs\node_modules\npm\bin;C:\Users\Vijay\Desktop\Selenium\Drivers;C:\Program Files\PostgreSQL\15\bin;C:\Program Files\Git\cmd;C:\Program Files\Git\bin;C:\Program Files\dotnet\;C:\Program Files (x86)\Windows Kits\10\Windows Performance Toolkit\;C:\Program Files\Dart\dart-sdk\bin;C:\Program Files\Docker\Docker\resources\bin;C:\tessdata;C:\Users\Vijay\AppData\Local\Microsoft\WindowsApps;C:\Users\Vijay\AppData\Roaming\npm;C:\MyEclipse\MyAutomation\tessdata;C:\dart-sdk\bin;;C:\Program Files\JetBrains\PyCharm Community Edition 2023.1.3\bin;;."/>
    <property name="java.vendor" value="Oracle Corporation"/>
    <property name="java.vm.info" value="mixed mode"/>
    <property name="java.vm.version" value="11.0.15+8-LTS-149"/>
    <property name="sun.io.unicode.encoding" value="UnicodeLittle"/>
    <property name="java.class.version" value="55.0"/>
  </properties>
</testsuite>